number,value,datetime_start,datetime_complete,duration,params_balance,params_balance_weight,params_ce_weight,params_lr_joint,params_recon_l1,params_tau,user_attrs_baseline,user_attrs_best_epoch,user_attrs_collapse,user_attrs_duration_s,user_attrs_initial_objective,user_attrs_mean_weights,user_attrs_val_entropy,user_attrs_val_psnr,user_attrs_val_route_acc,user_attrs_val_ssim,system_attrs_fixed_params,system_attrs_tpe:relative_params:0,state
0,0.09307775610005081,2026-09-25 16:47:35.691626,2026-09-25 16:49:42.385168,0 days 00:02:06.693542,squared,0.01,0.1,1e-05,0.8,1.0,True,5.0,"{'collapsed': False, 'inactive': [], 'dominating': [], 'usage': [0.2523468496673628, 0.2500316721857682, 0.24715087201554709, 0.25047061040603413]}",126.6,0.09702172727607512,"[[0.9830789462379788, 0.0003728004062988633, 0.013720185633839877, 0.0028280661733689435], [0.00046147175243791224, 0.9994152758432471, 5.3079722074076216e-05, 7.0171041047813e-05], [0.024605589399984834, 0.00031129438075763375, 0.9748237495837004, 0.00025937710977260673], [0.0012413912790496238, 2.731811276915956e-05, 6.473122573919207e-06, 0.9987248272999473]]",0.026575146101253187,38.69261733345363,0.9938858695652174,0.8444081039532371,"{'lr_joint': 1e-05, 'tau': 1.0, 'ce_weight': 0.1, 'balance_weight': 0.01, 'recon_l1': 0.8, 'balance': 'squared'}",,COMPLETE
1,0.09056749358854214,2026-09-25 16:49:42.553696,2026-09-25 16:51:49.799439,0 days 00:02:07.245743,squared,0.006251373574521752,0.17524101118128144,4.328450221293881e-06,0.5702083881990965,2.87678576602479,,5.0,"{'collapsed': False, 'inactive': [], 'dominating': [], 'usage': [0.26485295837704576, 0.2616799406570625, 0.2150605423844156, 0.25840655901803355]}",127.2,0.09770581065474643,"[[0.8311788491580797, 0.03240928183431211, 0.08279264896460202, 0.0536192261978336], [0.020460110360189625, 0.9636408932830977, 0.006463942846850208, 0.009435060120228192], [0.150055767401405, 0.04175784924755926, 0.7657649866912676, 0.042421389209187546], [0.057717106588508774, 0.008911738263281144, 0.005220591034942671, 0.9281505605448848]]",0.44208677048268524,29.5928664000138,0.9945652173913043,0.8499360395514447,,,COMPLETE
2,0.09255400263582882,2026-09-25 16:51:49.954978,2026-09-25 16:54:00.784622,0 days 00:02:10.829644,squared,0.00011527987128232407,0.1595857358814127,2.9621516588303503e-05,0.9364594334728974,2.002787529358022,,5.0,"{'collapsed': False, 'inactive': [], 'dominating': [], 'usage': [0.2568632370207722, 0.25017179691633873, 0.23573692309179498, 0.2572280451903403]}",130.8,0.09633520316413562,"[[0.9265799081843832, 0.01065161399057378, 0.04007303581127654, 0.02269543851118373], [0.014046794846249015, 0.975636407085087, 0.003985198834688281, 0.006331613621391032], [0.07740807436082674, 0.013026587482865738, 0.898328678763431, 0.011236667369856783], [0.00941817069162979, 0.0013725791068281978, 0.0005607789577840341, 0.9886484612589297]]",0.20555404184953027,32.041738012562625,0.9938858695652174,0.8451059175574261,,,COMPLETE
3,0.0925683909014839,2026-09-25 16:54:01.049851,2026-09-25 16:56:19.691336,0 days 00:02:18.641485,entropy,0.0037520558551242854,0.0328774741399112,2.03664420268309e-06,0.6943752583889521,0.9585112746335845,,5.0,"{'collapsed': False, 'inactive': [], 'dominating': [], 'usage': [0.2597699207393737, 0.24955178769198855, 0.2424431449337126, 0.2482351423339364]}",138.5,0.09704940019013439,"[[0.9837257745473281, 0.0001273819390284505, 0.015070344911731334, 0.0010765033629191432], [0.0021551396661696185, 0.9977044100346772, 7.89355057468524e-05, 6.150522933793305e-05], [0.04454186138615984, 0.0003493435219950144, 0.9545707676721655, 0.0005380295975634868], [0.008656907357837317, 2.6015272253417884e-05, 5.253164520670749e-05, 0.991264531145925]]",0.04648850129350372,39.45641799595045,0.9911684782608695,0.8455137921416241,,,COMPLETE
4,0.09352842574615194,2026-09-25 16:56:19.841493,2026-09-25 16:57:33.400011,0 days 00:01:13.558518,entropy,0.0023345864076016252,0.04192159350410975,1.7258215396625017e-06,0.8533291826268561,1.2303616213380453,,,,,,,,,,,,,PRUNED
5,0.09399859258986036,2026-09-25 16:58:14.231848,2026-09-25 16:59:15.450368,0 days 00:01:01.218520,entropy,0.00032476735706274504,0.10769622478263129,1.015066704592857e-05,0.5292732168433758,0.6161260317999944,,,,,,,,,,,,,PRUNED
6,0.08547851159844712,2026-09-25 16:59:56.267957,2026-09-25 17:02:02.476638,0 days 00:02:06.208681,entropy,0.01129013355909268,0.01465352103067214,2.3628864184236417e-05,0.6980686221828205,1.2615344229334267,,4.0,"{'collapsed': False, 'inactive': [], 'dominating': [], 'usage': [0.34544657966319436, 0.24853573440107185, 0.18324128206064494, 0.22277640705563145]}",126.1,0.09681538666558004,"[[0.9767586835052656, 0.0013574130109349346, 0.014873207794785823, 0.007010685781057438], [0.012922835004839884, 0.9854031334752622, 0.0006940932254782756, 0.000979932793795698], [0.25898124795892963, 0.006453010020777583, 0.7167143096094546, 0.01785143744200468], [0.1331235521837421, 0.0009293810973126117, 0.0006835176128610644, 0.865263572205668]]",0.27766898144846375,35.474149538123086,0.9677309782608695,0.8579246971918189,,,COMPLETE
7,0.08807404213787422,2026-09-25 17:02:02.645056,2026-09-25 17:04:18.969925,0 days 00:02:16.324869,entropy,0.009717775305059635,0.02752069685079053,1.1439974749291267e-06,0.640269984240235,2.7733010051969553,,5.0,"{'collapsed': False, 'inactive': [], 'dominating': [], 'usage': [0.3117034894151046, 0.2559171189483174, 0.19308268339955248, 0.23929671295311142]}",136.2,0.09738357284146806,"[[0.8865046928758207, 0.01821150021303607, 0.06134807156479877, 0.03393573629791322], [0.02397351408296305, 0.9643164950868358, 0.004765887780155501, 0.006944113532486169], [0.2222052815815677, 0.03549205661629853, 0.7019408954226453, 0.040361772088900856], [0.1141304691200671, 0.005648423877099286, 0.00427587883061041, 0.8759452298931454]]",0.442658350519512,30.66123282391092,0.9891304347826086,0.854009413200876,,,COMPLETE
8,0.09380817781809878,2026-09-25 17:04:19.158868,2026-09-25 17:05:33.117543,0 days 00:01:13.958675,entropy,0.06584106160121614,0.20745667656752517,2.0609249413202354e-06,0.9026723076924419,2.9239615694113965,,,,,,,,,,,,,PRUNED
9,0.08697534305974844,2026-09-25 17:06:14.192358,2026-09-25 17:08:22.638800,0 days 00:02:08.446442,entropy,0.0009462175356461491,0.011935477742481389,1.4136637008121862e-06,0.6749047803602669,0.989957156047863,,5.0,"{'collapsed': False, 'inactive': [], 'dominating': [], 'usage': [0.36156101316800743, 0.2491488940044806, 0.14826090936359201, 0.24102917777085878]}",128.3,0.0970287218932872,"[[0.9930026894030364, 0.0002440828858474877, 0.005583641302781989, 0.001169575087893147], [0.005565833968474813, 0.9935193243234054, 0.0003841305360370113, 0.0005307049337399961], [0.40434328758198285, 0.002775084510769533, 0.5868953971759133, 0.005986230412457624], [0.043332241718535836, 5.708429789988061e-05, 0.0001804684396357397, 0.9564302006493444]]",0.2043064071432404,38.738697300786555,0.9347826086956522,0.8549855442150779,,,COMPLETE
10,0.0830579640181816,2026-09-25 17:08:22.853111,2026-09-25 17:10:43.499179,0 days 00:02:20.646068,entropy,0.0009877566071257384,0.013048269211627769,1.8642161121114418e-05,0.6035093916327585,1.1245659006399964,,4.0,"{'collapsed': False, 'inactive': [], 'dominating': [], 'usage': [0.3990633211328911, 0.24931097075750583, 0.14351566134997565, 0.20811004328266872]}",140.5,0.09692926629972845,"[[0.9838403942792312, 0.0009735080403397264, 0.010574438639552049, 0.0046116529645033825], [0.010258719400988648, 0.9882777683112932, 0.0006626484676456565, 0.0008008601207225381], [0.4108983336583428, 0.007349446577870328, 0.5620162435199904, 0.019735977397826704], [0.19125583719300188, 0.000643160100520143, 0.0008093147727144558, 0.8072916826476222]]",0.31497644082359644,36.05756427930749,0.9144021739130435,0.862280758826629,,"{""balance"": ""entropy"", ""balance_weight"": 0.0009877566071257384, ""ce_weight"": 0.013048269211627769, ""lr_joint"": 1.8642161121114418e-05, ""recon_l1"": 0.6035093916327585, ""tau"": 1.1245659006399964}",COMPLETE
11,0.08515133678346225,2026-09-25 17:10:43.707180,2026-09-25 17:13:03.226338,0 days 00:02:19.519158,entropy,0.004028468750951099,0.018727791806569336,1.80093439516056e-05,0.5659308079154753,1.0366328066280721,,4.0,"{'collapsed': False, 'inactive': [], 'dominating': [], 'usage': [0.36149507623470173, 0.24952829246147146, 0.17008013654845935, 0.21889648999109815]}",139.4,0.09699555863018915,"[[0.9867257540640624, 0.0004789880543324651, 0.01036774307620995, 0.0024274950505376023], [0.005482731716651672, 0.9939936295799587, 0.00017782181345429981, 0.00034582731013474785], [0.3157971177412116, 0.003367418732048701, 0.6692624506743058, 0.011573007360667638], [0.1379747014168812, 0.00027313347954591535, 0.0005125306298672829, 0.8612396302430526]]",0.2527308169266452,37.09611395130987,0.9490489130434783,0.8586046812327012,,"{""balance"": ""entropy"", ""balance_weight"": 0.004028468750951099, ""ce_weight"": 0.018727791806569336, ""lr_joint"": 1.80093439516056e-05, ""recon_l1"": 0.5659308079154753, ""tau"": 1.0366328066280721}",COMPLETE
12,0.08202231815084814,2026-09-25 17:13:03.447571,2026-09-25 17:15:21.331895,0 days 00:02:17.884324,entropy,0.0005040570944494531,0.011312539923825998,1.1444102410419953e-05,0.5101566761711541,1.3020626837118803,,4.0,"{'collapsed': False, 'inactive': [], 'dominating': [], 'usage': [0.42213809870704805, 0.24912849266199727, 0.13234061712516806, 0.1963927946534291]}",137.8,0.09678047506705573,"[[0.9821738263835078, 0.0016501471450876284, 0.010191141324036795, 0.005984903809250049], [0.01411287226896409, 0.983203824447549, 0.0012474754944180502, 0.0014358240017748396], [0.4488746348930442, 0.010489144099309393, 0.516644075512886, 0.023992153491986835], [0.2433910612826762, 0.0011708549560432364, 0.0012797761693313394, 0.7541582973107047]]",0.35243186419424805,35.46388609512992,0.8862092391304348,0.8642507091812466,,"{""balance"": ""entropy"", ""balance_weight"": 0.0005040570944494531, ""ce_weight"": 0.011312539923825998, ""lr_joint"": 1.1444102410419953e-05, ""recon_l1"": 0.5101566761711541, ""tau"": 1.3020626837118803}",COMPLETE
13,0.08540321024053771,2026-09-25 17:15:21.533539,2026-09-25 17:17:36.541582,0 days 00:02:15.008043,entropy,0.0004267265316685372,0.016061850898827296,6.15970740488449e-06,0.5494748418954303,0.8541858783298776,,5.0,"{'collapsed': False, 'inactive': [], 'dominating': [], 'usage': [0.38187053650713293, 0.24955823857481332, 0.1404392274983504, 0.22813200431566025]}",134.9,0.09711150462617693,"[[0.9950344990129056, 0.00010829101112271336, 0.004322449222419654, 0.0005347584931017911], [0.0033127595020430263, 0.9964506522468899, 9.540224381571929e-05, 0.0001412038034923962], [0.4361673872108045, 0.0015952190986591513, 0.557126834988594, 0.0051105537694757395], [0.09296750030277864, 7.879194258155464e-05, 0.00021222353857213065, 0.906741501196571]]",0.21765051393405252,40.089994679326594,0.9096467391304348,0.857884811318439,,"{""balance"": ""entropy"", ""balance_weight"": 0.0004267265316685372, ""ce_weight"": 0.016061850898827296, ""lr_joint"": 6.15970740488449e-06, ""recon_l1"": 0.5494748418954303, ""tau"": 0.8541858783298776}",COMPLETE
14,0.08220878095649509,2026-09-25 17:17:36.810559,2026-09-25 17:20:01.389423,0 days 00:02:24.578864,entropy,0.0006426223807064858,0.010465157731167756,9.751768530318729e-06,0.5188624468961355,2.1815760506195403,,5.0,"{'collapsed': False, 'inactive': [], 'dominating': [], 'usage': [0.40541971487539785, 0.25271693597998185, 0.14345153814381614, 0.1984118153125999]}",144.4,0.09638020965149224,"[[0.9461557022903276, 0.008303038462105653, 0.02466520088036423, 0.020876069249504286], [0.019877975583886324, 0.973597034164097, 0.0018925155290280995, 0.0046324648276862244], [0.3893199912879778, 0.024936065766150536, 0.5446478607861892, 0.04109609621050565], [0.26632519033939944, 0.004031605527574277, 0.0026005753796831095, 0.7270426309627035]]",0.45111032672550366,32.50943503172501,0.9351222826086957,0.8641030581101127,,"{""balance"": ""entropy"", ""balance_weight"": 0.0006426223807064858, ""ce_weight"": 0.010465157731167756, ""lr_joint"": 9.751768530318729e-06, ""recon_l1"": 0.5188624468961355, ""tau"": 2.1815760506195403}",COMPLETE
15,0.08362139905195523,2026-09-25 17:20:01.639344,2026-09-25 17:22:18.588256,0 days 00:02:16.948912,entropy,0.001232238221529299,0.012450145210614728,3.786464193680442e-06,0.5171174736565346,2.3569012160890517,,5.0,"{'collapsed': False, 'inactive': [], 'dominating': [], 'usage': [0.38405775236289785, 0.2541396616345636, 0.15310307598543738, 0.20869951149190613]}",136.8,0.09653237765735907,"[[0.9398728842320649, 0.010178764522804515, 0.028664287685862055, 0.021284051158505936], [0.02033311606425306, 0.9724351815555407, 0.002555188895000712, 0.004676514209005172], [0.35063877766546997, 0.02921247822435006, 0.5782973552527635, 0.04185140464940797], [0.22538623148980347, 0.004732222235559121, 0.002895472108123257, 0.7669860759507054]]",0.44883822552535846,32.246841513592265,0.9534646739130435,0.8616066264069598,,"{""balance"": ""entropy"", ""balance_weight"": 0.001232238221529299, ""ce_weight"": 0.012450145210614728, ""lr_joint"": 3.786464193680442e-06, ""recon_l1"": 0.5171174736565346, ""tau"": 2.3569012160890517}",COMPLETE
16,0.08557685936355719,2026-09-25 17:22:18.748325,2026-09-25 17:24:10.012179,0 days 00:01:51.263854,entropy,0.00017089730251702037,0.026429722001568227,1.2768399779361822e-05,0.5976056094906377,1.9519002052076213,,,,,,,,,,,,"{""balance"": ""entropy"", ""balance_weight"": 0.00017089730251702037, ""ce_weight"": 0.026429722001568227, ""lr_joint"": 1.2768399779361822e-05, ""recon_l1"": 0.5976056094906377, ""tau"": 1.9519002052076213}",PRUNED
17,0.08937306226352636,2026-09-25 17:24:51.018474,2026-09-25 17:25:51.539823,0 days 00:01:00.521349,entropy,0.00011876998561354721,0.04560792552368855,4.885457716458944e-06,0.5091346386134541,1.9149695612162985,,,,,,,,,,,,"{""balance"": ""entropy"", ""balance_weight"": 0.00011876998561354721, ""ce_weight"": 0.04560792552368855, ""lr_joint"": 4.885457716458944e-06, ""recon_l1"": 0.5091346386134541, ""tau"": 1.9149695612162985}",PRUNED
18,0.08171311925853726,2026-09-25 17:26:32.420667,2026-09-25 17:28:41.878196,0 days 00:02:09.457529,squared,0.00018626833104855403,0.010388515794784236,1.3528965487197334e-05,0.5009323562711249,2.0770443259648013,,5.0,"{'collapsed': False, 'inactive': [], 'dominating': [], 'usage': [0.41402841639785987, 0.2520419033914906, 0.1397587091999847, 0.19417096934605227]}",129.3,0.09634149102899044,"[[0.9481766340525254, 0.007474844597037072, 0.023077091060416853, 0.02127142173602529], [0.019495909507183926, 0.9742982646693354, 0.0015650529075292466, 0.004640775773188342], [0.40508194073386816, 0.022793792957521004, 0.5319369234468626, 0.04018733091652393], [0.28335918129786203, 0.003600711342068794, 0.002455769385130185, 0.7105843489584716]]",0.4502291808957639,32.59179467740266,0.9188179347826086,0.8650098119093024,,"{""balance"": ""squared"", ""balance_weight"": 0.00018626833104855403, ""ce_weight"": 0.010388515794784236, ""lr_joint"": 1.3528965487197334e-05, ""recon_l1"": 0.5009323562711249, ""tau"": 2.0770443259648013}",COMPLETE
19,0.08328018100608305,2026-09-25 17:28:42.092500,2026-09-25 17:30:56.220713,0 days 00:02:14.128213,squared,0.00048319695921866215,0.015864545083038403,1.3170090230704589e-05,0.5440532663358649,1.6336899651966474,,4.0,"{'collapsed': False, 'inactive': [], 'dominating': [], 'usage': [0.3865100370983229, 0.24954420653027584, 0.15879118771013254, 0.20515457135701107]}",134.0,0.09649719986254755,"[[0.9661162029141965, 0.0033445749684925313, 0.018769696010681597, 0.011769528612089545], [0.01764776545536259, 0.9789540495561517, 0.0009848940022968, 0.0024132937567470513], [0.34426431098709936, 0.013682312392832144, 0.6140362620353699, 0.02801711517183677], [0.21801186903663303, 0.0021958892036269863, 0.0013738987921818118, 0.7784183478873709]]",0.3753697762022848,33.9298444001571,0.9504076086956522,0.8620767334233159,,"{""balance"": ""squared"", ""balance_weight"": 0.00048319695921866215, ""ce_weight"": 0.015864545083038403, ""lr_joint"": 1.3170090230704589e-05, ""recon_l1"": 0.5440532663358649, ""tau"": 1.6336899651966474}",COMPLETE
