number,value,datetime_start,datetime_complete,duration,params_alpha,params_base_channels,params_batch_size,params_bottleneck,params_dropout,params_lr,user_attrs_baseline,user_attrs_best_epoch,user_attrs_bottleneck_dim,user_attrs_duration_s,user_attrs_val_l1,user_attrs_val_psnr,user_attrs_val_ssim,system_attrs_fixed_params,system_attrs_tpe:relative_params:0,state
0,0.25021160070015036,2026-09-23 21:01:17.691277,2026-09-23 21:03:52.275896,0 days 00:02:34.584619,0.8,32,32,8x8x16,0.1,0.001,True,15.0,1024.0,154.5,0.06467385654864104,21.072201936141305,0.5642506551483403,"{'lr': 0.001, 'batch_size': 32, 'bottleneck': '8x8x16', 'base_channels': 32, 'dropout': 0.1, 'alpha': 0.8}",,COMPLETE
1,0.20694759868733265,2026-09-23 21:03:52.451940,2026-09-23 21:07:30.555631,0 days 00:03:38.103691,0.5955525998052242,48,16,16x16x8,0.2497327922401265,0.0003574712922600243,,13.0,2048.0,218.0,0.07524915865581969,20.40233554010806,0.6613539612811544,,,COMPLETE
2,0.2532480023801327,2026-09-23 21:07:30.744464,2026-09-23 21:11:47.556562,0 days 00:04:16.812098,0.7314054972861253,48,64,8x8x64,0.05990213464750792,0.00018559980846490597,,15.0,4096.0,256.7,0.061167630488457886,21.091613976851754,0.5546716257281925,,,COMPLETE
3,0.22528510135800944,2026-09-23 21:11:47.710192,2026-09-23 21:14:34.797206,0 days 00:02:47.087014,0.7228296095500716,32,32,8x8x64,0.036611470453433645,0.000750011895041699,,15.0,4096.0,167.0,0.05845390486976375,21.712652082028598,0.6078837021537449,,,COMPLETE
4,0.23044315502857385,2026-09-23 21:14:34.955817,2026-09-23 21:17:37.036934,0 days 00:03:02.081117,0.9148434057604025,32,16,16x16x16,0.17936999364332554,0.00011240768803005555,,13.0,4096.0,182.0,0.05944983863636204,21.796234089395274,0.5985635285792144,,,COMPLETE
5,0.32655384010918764,2026-09-23 21:17:37.205909,2026-09-23 21:18:44.698258,0 days 00:01:07.492349,0.9440991214702328,48,64,8x8x64,0.022365193103931248,0.00013511829476450826,,,,,,,,,,PRUNED
6,0.3072558130421068,2026-09-23 21:19:25.323009,2026-09-23 21:20:11.388849,0 days 00:00:46.065840,0.5286012576287107,32,64,8x8x64,0.09926940745579475,0.0013826083091896758,,,,,,,,,,PRUNED
7,0.28931431034984795,2026-09-23 21:20:52.013360,2026-09-23 21:21:54.044835,0 days 00:01:02.031475,0.6923934582613473,32,32,8x8x16,0.1568198488145982,0.0002879775265707035,,,,,,,,,,PRUNED
8,0.37004994779177336,2026-09-23 21:22:34.734728,2026-09-23 21:23:12.086746,0 days 00:00:37.352018,0.5725495792643019,16,64,8x8x64,0.0869254358741304,0.00010903028125371,,,,,,,,,,PRUNED
9,0.31035085783704464,2026-09-23 21:23:52.736969,2026-09-23 21:24:28.446235,0 days 00:00:35.709266,0.6921985048818153,16,64,8x8x64,0.0683805487625825,0.0023619797107806506,,,,,,,,,,PRUNED
10,0.18196124615876572,2026-09-23 21:25:09.118172,2026-09-24 15:21:19.998629,0 days 17:56:10.880457,0.6156442463092598,48,16,16x16x8,0.15309479581592264,0.0005291835459963587,,15.0,2048.0,64576.1,0.06094935925110527,22.036430814991828,0.6970268669335739,,"{""alpha"": 0.6156442463092598, ""base_channels"": 48, ""batch_size"": 16, ""bottleneck"": ""16x16x8"", ""dropout"": 0.15309479581592264, ""lr"": 0.0005291835459963587}",COMPLETE
11,0.1851873688966684,2026-09-24 15:21:20.173962,2026-09-24 15:25:44.434518,0 days 00:04:24.260556,0.6239751092234611,48,16,16x16x8,0.1027086112305193,0.0002438904962982653,,13.0,2048.0,264.2,0.05696586543775123,22.36976669145667,0.6865911276444144,,"{""alpha"": 0.6239751092234611, ""base_channels"": 48, ""batch_size"": 16, ""bottleneck"": ""16x16x8"", ""dropout"": 0.1027086112305193, ""lr"": 0.0002438904962982653}",COMPLETE
12,0.2128566406748217,2026-09-24 15:25:44.595427,2026-09-24 15:28:03.125775,0 days 00:02:18.530348,0.6121620002483159,16,16,16x16x8,0.07289941513078443,0.00026284154812293944,,13.0,2048.0,138.4,0.0591750534494286,21.884569541267727,0.6334617720997852,,"{""alpha"": 0.6121620002483159, ""base_channels"": 16, ""batch_size"": 16, ""bottleneck"": ""16x16x8"", ""dropout"": 0.07289941513078443, ""lr"": 0.00026284154812293944}",COMPLETE
13,0.19408997370982947,2026-09-24 15:28:03.303002,2026-09-24 15:33:54.153264,0 days 00:05:50.850262,0.782969339660103,48,16,16x16x8,0.13031381638921166,0.000299347505464041,,15.0,2048.0,350.8,0.05866509149579898,22.23022340691608,0.67048514407614,,"{""alpha"": 0.782969339660103, ""base_channels"": 48, ""batch_size"": 16, ""bottleneck"": ""16x16x8"", ""dropout"": 0.13031381638921166, ""lr"": 0.000299347505464041}",COMPLETE
14,0.27811205532887706,2026-09-24 15:33:54.326634,2026-09-24 15:35:08.375825,0 days 00:01:14.049191,0.6335439077212255,48,16,8x8x16,0.03929481946927757,0.0008341305593183328,,,,,,,,,"{""alpha"": 0.6335439077212255, ""base_channels"": 48, ""batch_size"": 16, ""bottleneck"": ""8x8x16"", ""dropout"": 0.03929481946927757, ""lr"": 0.0008341305593183328}",PRUNED
15,0.26010448242659157,2026-09-24 15:35:49.195919,2026-09-24 15:36:51.607398,0 days 00:01:02.411479,0.5047975557741512,48,64,16x16x8,0.10624090429889156,0.0003381452998735059,,,,,,,,,"{""alpha"": 0.5047975557741512, ""base_channels"": 48, ""batch_size"": 64, ""bottleneck"": ""16x16x8"", ""dropout"": 0.10624090429889156, ""lr"": 0.0003381452998735059}",PRUNED
16,0.18284676122762586,2026-09-24 15:37:32.515866,2026-09-24 15:41:06.284870,0 days 00:03:33.769004,0.7565389026485997,48,16,16x16x8,0.12470780912067352,0.0011012667438884203,,15.0,2048.0,213.7,0.05698058778501075,22.536193764728047,0.691287065329759,,"{""alpha"": 0.7565389026485997, ""base_channels"": 48, ""batch_size"": 16, ""bottleneck"": ""16x16x8"", ""dropout"": 0.12470780912067352, ""lr"": 0.0011012667438884203}",COMPLETE
17,0.19732288254991823,2026-09-24 15:41:06.455132,2026-09-24 15:45:30.554056,0 days 00:04:24.098924,0.5037543370884742,48,16,16x16x8,0.21246764741835455,0.0008500569920751516,,13.0,2048.0,264.0,0.08013618672671526,19.812703215557598,0.6854904216268788,,"{""alpha"": 0.5037543370884742, ""base_channels"": 48, ""batch_size"": 16, ""bottleneck"": ""16x16x8"", ""dropout"": 0.21246764741835455, ""lr"": 0.0008500569920751516}",COMPLETE
18,0.23546206578612328,2026-09-24 15:45:30.712042,2026-09-24 15:46:32.002637,0 days 00:01:01.290595,0.6966338544082387,48,16,16x16x8,0.12827180288193166,0.0009516806556204927,,,,,,,,,"{""alpha"": 0.6966338544082387, ""base_channels"": 48, ""batch_size"": 16, ""bottleneck"": ""16x16x8"", ""dropout"": 0.12827180288193166, ""lr"": 0.0009516806556204927}",PRUNED
19,0.238630880723181,2026-09-24 15:47:12.664464,2026-09-24 15:48:08.718644,0 days 00:00:56.054180,0.7242809172441147,48,16,16x16x8,0.17516225841224606,0.0016822765690335227,,,,,,,,,"{""alpha"": 0.7242809172441147, ""base_channels"": 48, ""batch_size"": 16, ""bottleneck"": ""16x16x8"", ""dropout"": 0.17516225841224606, ""lr"": 0.0016822765690335227}",PRUNED
20,0.17393588149191244,2026-09-24 15:48:49.379985,2026-09-24 15:52:19.201356,0 days 00:03:29.821371,0.7977663728893899,48,16,16x16x8,0.06479926441944363,0.001134505873273141,,15.0,2048.0,209.7,0.050549795527173126,23.312081834544305,0.7026780325433483,,"{""alpha"": 0.7977663728893899, ""base_channels"": 48, ""batch_size"": 16, ""bottleneck"": ""16x16x8"", ""dropout"": 0.06479926441944363, ""lr"": 0.001134505873273141}",COMPLETE
21,0.16133283082719732,2026-09-24 15:52:19.363866,2026-09-24 15:56:11.317051,0 days 00:03:51.953185,0.7288335133729685,48,16,16x16x8,0.02138291141290563,0.0015742884094025011,,15.0,2048.0,231.9,0.04705774533035963,23.725474523461383,0.724392083675965,,"{""alpha"": 0.7288335133729685, ""base_channels"": 48, ""batch_size"": 16, ""bottleneck"": ""16x16x8"", ""dropout"": 0.02138291141290563, ""lr"": 0.0015742884094025011}",COMPLETE
22,0.15270886598559824,2026-09-24 15:56:11.548000,2026-09-24 16:00:05.988522,0 days 00:03:54.440522,0.6235823614525364,48,16,16x16x8,0.01005217227619378,0.001790578170309294,,15.0,2048.0,234.4,0.04726002000920151,23.74106038135031,0.741842288038005,,"{""alpha"": 0.6235823614525364, ""base_channels"": 48, ""batch_size"": 16, ""bottleneck"": ""16x16x8"", ""dropout"": 0.01005217227619378, ""lr"": 0.001790578170309294}",COMPLETE
23,0.1524172930613808,2026-09-24 16:00:06.164507,2026-09-24 16:03:48.560226,0 days 00:03:42.395719,0.5868227987096424,48,16,16x16x8,0.02981274112367272,0.001893625708363196,,15.0,2048.0,222.3,0.04905790738437487,23.557785365892492,0.7442233212616133,,"{""alpha"": 0.5868227987096424, ""base_channels"": 48, ""batch_size"": 16, ""bottleneck"": ""16x16x8"", ""dropout"": 0.02981274112367272, ""lr"": 0.001893625708363196}",COMPLETE
24,0.15155828387840936,2026-09-24 16:03:48.750637,2026-09-24 16:07:33.113252,0 days 00:03:44.362615,0.6216619971030036,48,16,16x16x8,0.013960041724716508,0.001680987112920829,,15.0,2048.0,224.3,0.04628224476524021,23.902227277341098,0.7431656770084215,,"{""alpha"": 0.6216619971030036, ""base_channels"": 48, ""batch_size"": 16, ""bottleneck"": ""16x16x8"", ""dropout"": 0.013960041724716508, ""lr"": 0.001680987112920829}",COMPLETE
25,0.2563410649157089,2026-09-24 16:07:33.305034,2026-09-24 16:08:36.636372,0 days 00:01:03.331338,0.6077319427377672,48,64,16x16x8,0.03788378689171831,0.0019619155772299633,,,,,,,,,"{""alpha"": 0.6077319427377672, ""base_channels"": 48, ""batch_size"": 64, ""bottleneck"": ""16x16x8"", ""dropout"": 0.03788378689171831, ""lr"": 0.0019619155772299633}",PRUNED
26,0.1573393504418757,2026-09-24 16:09:17.488148,2026-09-24 16:13:02.245358,0 days 00:03:44.757210,0.5568165723119674,48,16,16x16x8,0.06449239574708225,0.001430302402800774,,15.0,2048.0,224.7,0.04910689673346022,23.57366416765296,0.7344281958497089,,"{""alpha"": 0.5568165723119674, ""base_channels"": 48, ""batch_size"": 16, ""bottleneck"": ""16x16x8"", ""dropout"": 0.06449239574708225, ""lr"": 0.001430302402800774}",COMPLETE
27,0.16654847254571706,2026-09-24 16:13:02.425586,2026-09-24 16:16:35.002845,0 days 00:03:32.577259,0.6810581663975876,48,16,16x16x8,0.09005161153913817,0.001859068560764066,,15.0,2048.0,212.5,0.050899583684361496,23.328518701636273,0.7178026385929274,,"{""alpha"": 0.6810581663975876, ""base_channels"": 48, ""batch_size"": 16, ""bottleneck"": ""16x16x8"", ""dropout"": 0.09005161153913817, ""lr"": 0.001859068560764066}",COMPLETE
28,0.15422669518738985,2026-09-24 16:16:35.178850,2026-09-24 16:19:08.183755,0 days 00:02:33.004905,0.6049958451147585,32,16,16x16x8,0.005094350502002857,0.002246806607606554,,15.0,2048.0,152.9,0.04674218165809694,23.79907342661982,0.7382887912833173,,"{""alpha"": 0.6049958451147585, ""base_channels"": 32, ""batch_size"": 16, ""bottleneck"": ""16x16x8"", ""dropout"": 0.005094350502002857, ""lr"": 0.002246806607606554}",COMPLETE
29,0.14452707882889584,2026-09-24 16:19:08.378513,2026-09-24 16:22:45.799904,0 days 00:03:37.421391,0.530585277197807,48,16,16x16x8,0.006019299454785406,0.001912089184823488,,15.0,2048.0,217.3,0.04579613102680963,24.004167971403703,0.7567419733690179,,"{""alpha"": 0.530585277197807, ""base_channels"": 48, ""batch_size"": 16, ""bottleneck"": ""16x16x8"", ""dropout"": 0.006019299454785406, ""lr"": 0.001912089184823488}",COMPLETE
