number,value,datetime_start,datetime_complete,duration,params_base_channels,params_batch_size,params_dropout,params_lambda_l1,params_lr_d,params_lr_g,params_style_dim,user_attrs_baseline,user_attrs_best_epoch,user_attrs_duration_s,user_attrs_val_l1,user_attrs_val_psnr,user_attrs_val_ssim,system_attrs_fixed_params,system_attrs_tpe:relative_params:0,state
0,0.32747735017500584,2026-10-03 18:42:54.625525,2026-10-03 18:50:28.931502,0 days 00:07:34.305977,64,8,0.5,100.0,0.0002,0.0002,16,True,16.0,454.2,0.1049386090452566,15.373992536052969,0.44998390869524496,"{'lr_g': 0.0002, 'lr_d': 0.0002, 'batch_size': 8, 'base_channels': 64, 'dropout': 0.5, 'style_dim': 16, 'lambda_l1': 100.0}",,COMPLETE
1,0.3486469384259398,2026-10-03 18:50:29.115765,2026-10-03 19:00:15.713623,0 days 00:09:46.597858,64,4,0.3005575058716044,18.891200276189384,0.0004463590152176814,0.00011844319751820385,16,,16.0,586.5,0.11599626031311804,14.73880081656594,0.41870238346123845,,,COMPLETE
2,0.3490278323491414,2026-10-03 19:00:15.919709,2026-10-03 19:05:16.482752,0 days 00:05:00.563043,48,8,0.14607232426760908,46.66963767236923,7.627364729026308e-05,7.59967415065491e-05,16,,16.0,300.5,0.11356515254614488,14.899680659456074,0.415509487847862,,,COMPLETE
3,,2026-10-03 19:05:16.685629,,,48,4,0.15230688458668534,44.07984038169242,5.564426587452873e-05,0.00019560708142748483,8,,,,,,,,,RUNNING
4,0.35121616102614495,2026-10-03 19:07:03.896028,2026-10-03 19:16:07.542482,0 days 00:09:03.646454,64,4,0.3005575058716044,18.891200276189384,0.0004463590152176814,0.00011844319751820385,16,,16.0,543.5,0.1181863823776725,14.603833276520735,0.41575406032538265,,,COMPLETE
5,,2026-10-03 19:16:07.748640,,,48,8,0.14607232426760908,46.66963767236923,7.627364729026308e-05,7.59967415065491e-05,16,,,,,,,,,RUNNING
6,0.37680584979507165,2026-10-03 19:46:09.852274,2026-10-03 19:48:41.704862,0 days 00:02:31.852588,64,4,0.3005575058716044,18.891200276189384,0.0004463590152176814,0.00011844319751820385,16,,,,,,,,,PRUNED
7,0.3470976277717255,2026-10-03 19:49:22.334933,2026-10-03 19:53:57.632517,0 days 00:04:35.297584,48,8,0.14607232426760908,46.66963767236923,7.627364729026308e-05,7.59967415065491e-05,16,,16.0,275.2,0.11335387919683876,14.941031785880995,0.41915862365338785,,,COMPLETE
8,0.33003511968648663,2026-10-03 19:53:57.812031,2026-10-03 19:59:54.087634,0 days 00:05:56.275603,48,4,0.15230688458668534,44.07984038169242,5.564426587452873e-05,0.00019560708142748483,8,,25.0,356.2,0.10694422212036901,15.196252786888266,0.4468739827473958,,,COMPLETE
9,0.34238629820961625,2026-10-03 19:59:54.265842,2026-10-03 20:05:24.172977,0 days 00:05:29.907135,48,8,0.4847923138822793,158.26541904647559,0.0004057797837985251,5.4120091907504824e-05,8,,16.0,329.8,0.10929560211469543,15.29980833425462,0.424523005695463,,,COMPLETE
10,0.3394914265698607,2026-10-03 20:05:24.349438,2026-10-03 20:10:44.042286,0 days 00:05:19.692848,48,16,0.14046725484369038,192.29567074543374,7.851504189403355e-05,6.130028679593765e-05,16,,11.0,319.6,0.11233640316897218,15.095389312168336,0.4333535500292508,,,COMPLETE
11,0.3362257660559888,2026-10-03 20:10:44.253189,2026-10-03 20:16:37.942235,0 days 00:05:53.689046,48,8,0.1792328642721363,12.097379927033845,7.901065932051941e-05,0.00029594756677318233,8,,16.0,353.6,0.11110041576361507,14.956052768155464,0.43864888365163746,,,COMPLETE
12,0.33273952936976214,2026-10-03 20:16:38.115301,2026-10-03 20:28:13.920855,0 days 00:11:35.805554,64,8,0.10315385224142598,31.350201393497326,0.00027042768567558744,0.00037325972020072867,16,,16.0,695.7,0.10899457241754112,15.038459441946737,0.4435155136780169,,"{""base_channels"": 64, ""batch_size"": 8, ""dropout"": 0.10315385224142598, ""lambda_l1"": 31.350201393497326, ""lr_d"": 0.00027042768567558744, ""lr_g"": 0.00037325972020072867, ""style_dim"": 16}",COMPLETE
13,0.32080134430771357,2026-10-03 20:28:14.142304,2026-10-03 20:37:05.099642,0 days 00:08:50.957338,64,8,0.31859303018157986,120.97398497275324,0.00021999285731164533,0.00024869593739736476,16,,16.0,530.9,0.10318838725299956,15.509495573223761,0.4615856986375725,,"{""base_channels"": 64, ""batch_size"": 8, ""dropout"": 0.31859303018157986, ""lambda_l1"": 120.97398497275324, ""lr_d"": 0.00021999285731164533, ""lr_g"": 0.00024869593739736476, ""style_dim"": 16}",COMPLETE
14,0.319955327975675,2026-10-03 20:37:05.278832,2026-10-03 20:44:05.081577,0 days 00:06:59.802745,64,8,0.48521017209607215,189.90692691442732,0.00010834838015156286,0.00023385743531806823,16,,24.0,419.7,0.10216509621098356,15.55096013291077,0.4622544402596336,,"{""base_channels"": 64, ""batch_size"": 8, ""dropout"": 0.48521017209607215, ""lambda_l1"": 189.90692691442732, ""lr_d"": 0.00010834838015156286, ""lr_g"": 0.00023385743531806823, ""style_dim"": 16}",COMPLETE
15,0.3199411428199624,2026-10-03 20:44:05.243181,2026-10-03 20:51:04.393677,0 days 00:06:59.150496,64,8,0.32052320209359025,137.92527415506808,0.000159940779591316,0.0003984769571697636,16,,24.0,419.0,0.10250495214882137,15.524217905488404,0.46262266650889655,,"{""base_channels"": 64, ""batch_size"": 8, ""dropout"": 0.32052320209359025, ""lambda_l1"": 137.92527415506808, ""lr_d"": 0.000159940779591316, ""lr_g"": 0.0003984769571697636, ""style_dim"": 16}",COMPLETE
16,0.3182656832461087,2026-10-03 20:51:04.563544,2026-10-03 20:58:03.506752,0 days 00:06:58.943208,64,8,0.03649644443794553,155.66524941820126,8.909271519187185e-05,0.00028181914014398593,16,,25.0,418.9,0.10223511479935556,15.49808142320165,0.4657037483071381,,"{""base_channels"": 64, ""batch_size"": 8, ""dropout"": 0.03649644443794553, ""lambda_l1"": 155.66524941820126, ""lr_d"": 8.909271519187185e-05, ""lr_g"": 0.00028181914014398593, ""style_dim"": 16}",COMPLETE
17,0.32443244652178305,2026-10-03 20:58:03.678530,2026-10-03 21:05:03.250063,0 days 00:06:59.571533,64,8,0.2937911954370251,70.77261935454712,0.00010507408229187533,0.00024971043865970713,16,,24.0,419.5,0.10486787220217147,15.352402213234571,0.45600297915860544,,"{""base_channels"": 64, ""batch_size"": 8, ""dropout"": 0.2937911954370251, ""lambda_l1"": 70.77261935454712, ""lr_d"": 0.00010507408229187533, ""lr_g"": 0.00024971043865970713, ""style_dim"": 16}",COMPLETE
18,0.3252691855220675,2026-10-03 21:05:03.414444,2026-10-03 21:11:52.513237,0 days 00:06:49.098793,64,8,0.24165534310408177,102.18530046888011,0.00016915617827195067,0.00040775616048078594,8,,16.0,409.0,0.10500023050128289,15.3317420047784,0.45446185945714795,,"{""base_channels"": 64, ""batch_size"": 8, ""dropout"": 0.24165534310408177, ""lambda_l1"": 102.18530046888011, ""lr_d"": 0.00016915617827195067, ""lr_g"": 0.00040775616048078594, ""style_dim"": 8}",COMPLETE
19,0.31332278176673556,2026-10-03 21:11:52.683490,2026-10-03 21:18:52.955807,0 days 00:07:00.272317,64,8,0.1171964990526542,148.69618634878626,7.378339531328186e-05,0.0004520364418179576,16,,24.0,420.2,0.1007249115398095,15.610418355689859,0.47407934800633844,,"{""base_channels"": 64, ""batch_size"": 8, ""dropout"": 0.1171964990526542, ""lambda_l1"": 148.69618634878626, ""lr_d"": 7.378339531328186e-05, ""lr_g"": 0.0004520364418179576, ""style_dim"": 16}",COMPLETE
20,0.3480362202386436,2026-10-03 21:18:53.126215,2026-10-03 21:21:23.115506,0 days 00:02:29.989291,64,8,0.059020650671983074,81.18164956809419,0.00010620046885336398,0.00012844006202261432,16,,,,,,,,"{""base_channels"": 64, ""batch_size"": 8, ""dropout"": 0.059020650671983074, ""lambda_l1"": 81.18164956809419, ""lr_d"": 0.00010620046885336398, ""lr_g"": 0.00012844006202261432, ""style_dim"": 16}",PRUNED
21,0.3176865435246402,2026-10-03 21:22:03.755445,2026-10-03 21:30:28.725325,0 days 00:08:24.969880,64,4,0.04226312261167152,158.73324651371465,9.44248742231207e-05,0.0002915215934540714,16,,20.0,504.9,0.10263091663144669,15.46442130226759,0.4672578295821664,,"{""base_channels"": 64, ""batch_size"": 4, ""dropout"": 0.04226312261167152, ""lambda_l1"": 158.73324651371465, ""lr_d"": 9.44248742231207e-05, ""lr_g"": 0.0002915215934540714, ""style_dim"": 16}",COMPLETE
