[I 2026-09-23 21:01:15,322] A new study created in RDB with name: task1_universal_dae_final
[optuna] study task1_universal_dae_final: 0 finished trials, running 30 more
[T1-trial0] epoch 1/15 train_loss=0.2249 val_L1=0.1373 val_SSIM=0.3722 val_PSNR=15.52 J=0.3826 (18.8s)
[T1-trial0] epoch 2/15 train_loss=0.1853 val_L1=0.0902 val_SSIM=0.4594 val_PSNR=18.22 J=0.3154 (5.3s)
[T1-trial0] epoch 3/15 train_loss=0.1747 val_L1=0.0845 val_SSIM=0.4738 val_PSNR=18.96 J=0.3054 (5.3s)
[T1-trial0] epoch 4/15 train_loss=0.1675 val_L1=0.0812 val_SSIM=0.4941 val_PSNR=19.12 J=0.2935 (5.4s)
[T1-trial0] epoch 5/15 train_loss=0.1627 val_L1=0.0962 val_SSIM=0.4822 val_PSNR=17.88 J=0.3070 (5.4s)
[T1-trial0] epoch 6/15 train_loss=0.1585 val_L1=0.0760 val_SSIM=0.5151 val_PSNR=19.74 J=0.2805 (5.5s)
[T1-trial0] epoch 7/15 train_loss=0.1557 val_L1=0.0838 val_SSIM=0.5190 val_PSNR=18.98 J=0.2824 (5.7s)
[T1-trial0] epoch 8/15 train_loss=0.1537 val_L1=0.0686 val_SSIM=0.5383 val_PSNR=20.50 J=0.2651 (5.9s)
[T1-trial0] epoch 9/15 train_loss=0.1500 val_L1=0.0734 val_SSIM=0.5369 val_PSNR=20.08 J=0.2683 (6.1s)
[T1-trial0] epoch 10/15 train_loss=0.1494 val_L1=0.0682 val_SSIM=0.5528 val_PSNR=20.62 J=0.2577 (6.4s)
[T1-trial0] epoch 11/15 train_loss=0.1465 val_L1=0.0679 val_SSIM=0.5542 val_PSNR=20.66 J=0.2569 (6.4s)
[T1-trial0] epoch 12/15 train_loss=0.1454 val_L1=0.0652 val_SSIM=0.5547 val_PSNR=20.83 J=0.2553 (6.6s)
[T1-trial0] epoch 13/15 train_loss=0.1444 val_L1=0.0652 val_SSIM=0.5592 val_PSNR=20.97 J=0.2530 (6.5s)
[T1-trial0] epoch 14/15 train_loss=0.1432 val_L1=0.0660 val_SSIM=0.5621 val_PSNR=20.94 J=0.2520 (6.7s)
[T1-trial0] epoch 15/15 train_loss=0.1429 val_L1=0.0647 val_SSIM=0.5643 val_PSNR=21.07 J=0.2502 (6.7s)
[I 2026-09-23 21:03:52,296] Trial 0 finished with value: 0.25021160070015036 and parameters: {'lr': 0.001, 'batch_size': 32, 'bottleneck': '8x8x16', 'base_channels': 32, 'dropout': 0.1, 'alpha': 0.8}. Best is trial 0 with value: 0.25021160070015036.
[T1-trial1] epoch 1/15 train_loss=0.2721 val_L1=0.0770 val_SSIM=0.5582 val_PSNR=20.01 J=0.2594 (19.5s)
[T1-trial1] epoch 2/15 train_loss=0.2273 val_L1=0.0956 val_SSIM=0.5646 val_PSNR=18.50 J=0.2655 (8.5s)
[T1-trial1] epoch 3/15 train_loss=0.2152 val_L1=0.0716 val_SSIM=0.6102 val_PSNR=20.67 J=0.2307 (9.3s)
[T1-trial1] epoch 4/15 train_loss=0.2077 val_L1=0.0762 val_SSIM=0.6181 val_PSNR=20.21 J=0.2291 (9.6s)
[T1-trial1] epoch 5/15 train_loss=0.2015 val_L1=0.0832 val_SSIM=0.6188 val_PSNR=19.51 J=0.2322 (9.6s)
[T1-trial1] epoch 6/15 train_loss=0.1987 val_L1=0.0827 val_SSIM=0.6163 val_PSNR=19.69 J=0.2332 (9.6s)
[T1-trial1] epoch 7/15 train_loss=0.1939 val_L1=0.0783 val_SSIM=0.6329 val_PSNR=19.94 J=0.2227 (9.6s)
[T1-trial1] epoch 8/15 train_loss=0.1921 val_L1=0.0737 val_SSIM=0.6404 val_PSNR=20.53 J=0.2166 (9.6s)
[T1-trial1] epoch 9/15 train_loss=0.1895 val_L1=0.0972 val_SSIM=0.6281 val_PSNR=18.31 J=0.2346 (9.6s)
[T1-trial1] epoch 10/15 train_loss=0.1886 val_L1=0.0836 val_SSIM=0.6437 val_PSNR=19.49 J=0.2199 (9.6s)
[T1-trial1] epoch 11/15 train_loss=0.1853 val_L1=0.0814 val_SSIM=0.6443 val_PSNR=19.73 J=0.2185 (9.6s)
[T1-trial1] epoch 12/15 train_loss=0.1843 val_L1=0.0765 val_SSIM=0.6538 val_PSNR=20.30 J=0.2114 (9.6s)
[T1-trial1] epoch 13/15 train_loss=0.1839 val_L1=0.0752 val_SSIM=0.6614 val_PSNR=20.40 J=0.2069 (9.6s)
[T1-trial1] epoch 14/15 train_loss=0.1825 val_L1=0.0769 val_SSIM=0.6569 val_PSNR=20.29 J=0.2100 (9.5s)
[T1-trial1] epoch 15/15 train_loss=0.1822 val_L1=0.0778 val_SSIM=0.6546 val_PSNR=20.19 J=0.2116 (10.2s)
[I 2026-09-23 21:07:30,572] Trial 1 finished with value: 0.20694759868733265 and parameters: {'lr': 0.0003574712922600243, 'batch_size': 16, 'bottleneck': '16x16x8', 'base_channels': 48, 'dropout': 0.2497327922401265, 'alpha': 0.5955525998052242}. Best is trial 1 with value: 0.20694759868733265.
[T1-trial2] epoch 1/15 train_loss=0.2737 val_L1=0.1217 val_SSIM=0.3916 val_PSNR=16.54 J=0.3650 (27.2s)
[T1-trial2] epoch 2/15 train_loss=0.2271 val_L1=0.0890 val_SSIM=0.4489 val_PSNR=18.45 J=0.3200 (10.2s)
[T1-trial2] epoch 3/15 train_loss=0.2083 val_L1=0.0814 val_SSIM=0.4775 val_PSNR=18.96 J=0.3020 (10.2s)
[T1-trial2] epoch 4/15 train_loss=0.1961 val_L1=0.0776 val_SSIM=0.4931 val_PSNR=19.41 J=0.2923 (10.2s)
[T1-trial2] epoch 5/15 train_loss=0.1893 val_L1=0.0758 val_SSIM=0.5010 val_PSNR=19.63 J=0.2874 (10.3s)
[T1-trial2] epoch 6/15 train_loss=0.1833 val_L1=0.0718 val_SSIM=0.5172 val_PSNR=19.85 J=0.2773 (10.2s)
[T1-trial2] epoch 7/15 train_loss=0.1799 val_L1=0.0705 val_SSIM=0.5198 val_PSNR=19.98 J=0.2754 (10.5s)
[T1-trial2] epoch 8/15 train_loss=0.1776 val_L1=0.0681 val_SSIM=0.5324 val_PSNR=20.25 J=0.2679 (10.7s)
[T1-trial2] epoch 9/15 train_loss=0.1733 val_L1=0.0656 val_SSIM=0.5388 val_PSNR=20.64 J=0.2634 (11.1s)
[T1-trial2] epoch 10/15 train_loss=0.1712 val_L1=0.0651 val_SSIM=0.5439 val_PSNR=20.60 J=0.2606 (11.2s)
[T1-trial2] epoch 11/15 train_loss=0.1694 val_L1=0.0643 val_SSIM=0.5454 val_PSNR=20.68 J=0.2595 (11.1s)
[T1-trial2] epoch 12/15 train_loss=0.1690 val_L1=0.0625 val_SSIM=0.5484 val_PSNR=21.00 J=0.2570 (11.4s)
[T1-trial2] epoch 13/15 train_loss=0.1678 val_L1=0.0617 val_SSIM=0.5534 val_PSNR=21.05 J=0.2542 (11.5s)
[T1-trial2] epoch 14/15 train_loss=0.1669 val_L1=0.0617 val_SSIM=0.5533 val_PSNR=20.99 J=0.2542 (11.5s)
[T1-trial2] epoch 15/15 train_loss=0.1659 val_L1=0.0612 val_SSIM=0.5547 val_PSNR=21.09 J=0.2532 (11.3s)
[I 2026-09-23 21:11:47,567] Trial 2 finished with value: 0.2532480023801327 and parameters: {'lr': 0.00018559980846490597, 'batch_size': 64, 'bottleneck': '8x8x64', 'base_channels': 48, 'dropout': 0.05990213464750792, 'alpha': 0.7314054972861253}. Best is trial 1 with value: 0.20694759868733265.
[T1-trial3] epoch 1/15 train_loss=0.2525 val_L1=0.1161 val_SSIM=0.4185 val_PSNR=16.49 J=0.3488 (18.3s)
[T1-trial3] epoch 2/15 train_loss=0.2109 val_L1=0.0816 val_SSIM=0.4871 val_PSNR=19.00 J=0.2972 (6.7s)
[T1-trial3] epoch 3/15 train_loss=0.1972 val_L1=0.0956 val_SSIM=0.4835 val_PSNR=18.22 J=0.3061 (6.7s)
[T1-trial3] epoch 4/15 train_loss=0.1875 val_L1=0.0974 val_SSIM=0.5024 val_PSNR=17.74 J=0.2975 (6.8s)
[T1-trial3] epoch 5/15 train_loss=0.1823 val_L1=0.0842 val_SSIM=0.5279 val_PSNR=18.98 J=0.2781 (6.8s)
[T1-trial3] epoch 6/15 train_loss=0.1760 val_L1=0.0670 val_SSIM=0.5575 val_PSNR=20.66 J=0.2547 (6.7s)
[T1-trial3] epoch 7/15 train_loss=0.1715 val_L1=0.0904 val_SSIM=0.5548 val_PSNR=18.50 J=0.2678 (6.8s)
[T1-trial3] epoch 8/15 train_loss=0.1687 val_L1=0.0667 val_SSIM=0.5766 val_PSNR=20.86 J=0.2450 (6.8s)
[T1-trial3] epoch 9/15 train_loss=0.1635 val_L1=0.0682 val_SSIM=0.5801 val_PSNR=20.50 J=0.2440 (6.7s)
[T1-trial3] epoch 10/15 train_loss=0.1621 val_L1=0.0622 val_SSIM=0.5913 val_PSNR=21.20 J=0.2355 (6.7s)
[T1-trial3] epoch 11/15 train_loss=0.1590 val_L1=0.0621 val_SSIM=0.5987 val_PSNR=21.28 J=0.2317 (6.7s)
[T1-trial3] epoch 12/15 train_loss=0.1574 val_L1=0.0600 val_SSIM=0.6023 val_PSNR=21.53 J=0.2289 (6.7s)
[T1-trial3] epoch 13/15 train_loss=0.1560 val_L1=0.0609 val_SSIM=0.6044 val_PSNR=21.36 J=0.2283 (6.8s)
[T1-trial3] epoch 14/15 train_loss=0.1545 val_L1=0.0592 val_SSIM=0.6067 val_PSNR=21.62 J=0.2263 (6.7s)
[T1-trial3] epoch 15/15 train_loss=0.1546 val_L1=0.0585 val_SSIM=0.6079 val_PSNR=21.71 J=0.2253 (7.0s)
[I 2026-09-23 21:14:34,806] Trial 3 finished with value: 0.22528510135800944 and parameters: {'lr': 0.000750011895041699, 'batch_size': 32, 'bottleneck': '8x8x64', 'base_channels': 32, 'dropout': 0.036611470453433645, 'alpha': 0.7228296095500716}. Best is trial 1 with value: 0.20694759868733265.
[T1-trial4] epoch 1/15 train_loss=0.1536 val_L1=0.0820 val_SSIM=0.4951 val_PSNR=19.36 J=0.2935 (49.0s)
[T1-trial4] epoch 2/15 train_loss=0.1206 val_L1=0.0736 val_SSIM=0.5354 val_PSNR=20.18 J=0.2691 (5.2s)
[T1-trial4] epoch 3/15 train_loss=0.1133 val_L1=0.0693 val_SSIM=0.5531 val_PSNR=20.50 J=0.2581 (5.6s)
[T1-trial4] epoch 4/15 train_loss=0.1076 val_L1=0.0711 val_SSIM=0.5519 val_PSNR=20.31 J=0.2596 (6.3s)
[T1-trial4] epoch 5/15 train_loss=0.1052 val_L1=0.0685 val_SSIM=0.5699 val_PSNR=20.78 J=0.2493 (6.5s)
[T1-trial4] epoch 6/15 train_loss=0.1039 val_L1=0.0718 val_SSIM=0.5729 val_PSNR=20.29 J=0.2494 (6.4s)
[T1-trial4] epoch 7/15 train_loss=0.1014 val_L1=0.0611 val_SSIM=0.5808 val_PSNR=21.58 J=0.2401 (6.4s)
[T1-trial4] epoch 8/15 train_loss=0.1011 val_L1=0.0629 val_SSIM=0.5878 val_PSNR=21.43 J=0.2375 (6.4s)
[T1-trial4] epoch 9/15 train_loss=0.0992 val_L1=0.0668 val_SSIM=0.5904 val_PSNR=20.96 J=0.2382 (6.4s)
[T1-trial4] epoch 10/15 train_loss=0.0999 val_L1=0.0607 val_SSIM=0.5945 val_PSNR=21.53 J=0.2331 (6.4s)
[T1-trial4] epoch 11/15 train_loss=0.0977 val_L1=0.0594 val_SSIM=0.5976 val_PSNR=21.77 J=0.2309 (6.4s)
[T1-trial4] epoch 12/15 train_loss=0.0975 val_L1=0.0604 val_SSIM=0.5952 val_PSNR=21.74 J=0.2326 (6.4s)
[T1-trial4] epoch 13/15 train_loss=0.0977 val_L1=0.0594 val_SSIM=0.5986 val_PSNR=21.80 J=0.2304 (6.4s)
[T1-trial4] epoch 14/15 train_loss=0.0966 val_L1=0.0618 val_SSIM=0.5971 val_PSNR=21.61 J=0.2324 (6.4s)
[T1-trial4] epoch 15/15 train_loss=0.0971 val_L1=0.0603 val_SSIM=0.5984 val_PSNR=21.75 J=0.2309 (6.4s)
[I 2026-09-23 21:17:37,047] Trial 4 finished with value: 0.23044315502857385 and parameters: {'lr': 0.00011240768803005555, 'batch_size': 16, 'bottleneck': '16x16x16', 'base_channels': 32, 'dropout': 0.17936999364332554, 'alpha': 0.9148434057604025}. Best is trial 1 with value: 0.20694759868733265.
[T1-trial5] epoch 1/15 train_loss=0.1697 val_L1=0.1255 val_SSIM=0.3768 val_PSNR=16.20 J=0.3744 (22.1s)
[T1-trial5] epoch 2/15 train_loss=0.1326 val_L1=0.0989 val_SSIM=0.4181 val_PSNR=17.78 J=0.3404 (10.3s)
[T1-trial5] epoch 3/15 train_loss=0.1194 val_L1=0.0913 val_SSIM=0.4382 val_PSNR=18.32 J=0.3266 (10.3s)
[I 2026-09-23 21:18:44,704] Trial 5 pruned. 
[T1-trial6] epoch 1/15 train_loss=0.3758 val_L1=0.1274 val_SSIM=0.4001 val_PSNR=15.54 J=0.3637 (16.7s)
[T1-trial6] epoch 2/15 train_loss=0.3236 val_L1=0.0969 val_SSIM=0.4482 val_PSNR=17.84 J=0.3244 (5.2s)
[T1-trial6] epoch 3/15 train_loss=0.2988 val_L1=0.0923 val_SSIM=0.4778 val_PSNR=18.33 J=0.3073 (5.7s)
[I 2026-09-23 21:20:11,395] Trial 6 pruned. 
[T1-trial7] epoch 1/15 train_loss=0.2815 val_L1=0.1077 val_SSIM=0.4144 val_PSNR=17.14 J=0.3467 (16.3s)
[T1-trial7] epoch 2/15 train_loss=0.2371 val_L1=0.0857 val_SSIM=0.4636 val_PSNR=18.71 J=0.3111 (5.3s)
[T1-trial7] epoch 3/15 train_loss=0.2236 val_L1=0.0774 val_SSIM=0.4872 val_PSNR=19.54 J=0.2951 (5.4s)
[T1-trial7] epoch 4/15 train_loss=0.2154 val_L1=0.0772 val_SSIM=0.4992 val_PSNR=19.51 J=0.2890 (5.7s)
[T1-trial7] epoch 5/15 train_loss=0.2100 val_L1=0.0802 val_SSIM=0.5016 val_PSNR=19.23 J=0.2893 (6.1s)
[I 2026-09-23 21:21:54,050] Trial 7 pruned. 
[T1-trial8] epoch 1/15 train_loss=0.4080 val_L1=0.1621 val_SSIM=0.3362 val_PSNR=14.32 J=0.4130 (14.3s)
[T1-trial8] epoch 2/15 train_loss=0.3595 val_L1=0.1342 val_SSIM=0.3751 val_PSNR=15.59 J=0.3796 (3.4s)
[T1-trial8] epoch 3/15 train_loss=0.3404 val_L1=0.1300 val_SSIM=0.3899 val_PSNR=15.93 J=0.3700 (3.5s)
[I 2026-09-23 21:23:12,092] Trial 8 pruned. 
[T1-trial9] epoch 1/15 train_loss=0.2999 val_L1=0.1445 val_SSIM=0.3766 val_PSNR=14.91 J=0.3839 (13.9s)
[T1-trial9] epoch 2/15 train_loss=0.2493 val_L1=0.1010 val_SSIM=0.4354 val_PSNR=17.58 J=0.3328 (3.3s)
[T1-trial9] epoch 3/15 train_loss=0.2322 val_L1=0.0907 val_SSIM=0.4700 val_PSNR=18.41 J=0.3104 (3.4s)
[I 2026-09-23 21:24:28,452] Trial 9 pruned. 
[T1-trial10] epoch 1/15 train_loss=0.2543 val_L1=0.0699 val_SSIM=0.5794 val_PSNR=20.54 J=0.2452 (17.6s)
[T1-trial10] epoch 2/15 train_loss=0.2100 val_L1=0.0961 val_SSIM=0.5717 val_PSNR=18.47 J=0.2622 (7.5s)
[T1-trial10] epoch 3/15 train_loss=0.1972 val_L1=0.0761 val_SSIM=0.6236 val_PSNR=20.07 J=0.2262 (7.5s)
[T1-trial10] epoch 4/15 train_loss=0.1887 val_L1=0.0820 val_SSIM=0.6293 val_PSNR=19.59 J=0.2264 (8.2s)
[T1-trial10] epoch 5/15 train_loss=0.1826 val_L1=0.0743 val_SSIM=0.6492 val_PSNR=20.44 J=0.2126 (64386.0s)
[T1-trial10] epoch 6/15 train_loss=0.1798 val_L1=0.0639 val_SSIM=0.6587 val_PSNR=21.49 J=0.2026 (7.3s)
[T1-trial10] epoch 7/15 train_loss=0.1752 val_L1=0.0630 val_SSIM=0.6684 val_PSNR=21.52 J=0.1973 (7.8s)
[T1-trial10] epoch 8/15 train_loss=0.1728 val_L1=0.0586 val_SSIM=0.6764 val_PSNR=22.11 J=0.1911 (7.7s)
[T1-trial10] epoch 9/15 train_loss=0.1700 val_L1=0.0918 val_SSIM=0.6455 val_PSNR=18.88 J=0.2232 (9.0s)
[T1-trial10] epoch 10/15 train_loss=0.1695 val_L1=0.0637 val_SSIM=0.6840 val_PSNR=21.54 J=0.1898 (8.8s)
[T1-trial10] epoch 11/15 train_loss=0.1655 val_L1=0.0675 val_SSIM=0.6772 val_PSNR=21.16 J=0.1952 (9.5s)
[T1-trial10] epoch 12/15 train_loss=0.1647 val_L1=0.0630 val_SSIM=0.6898 val_PSNR=21.78 J=0.1866 (9.9s)
[T1-trial10] epoch 13/15 train_loss=0.1641 val_L1=0.0630 val_SSIM=0.6979 val_PSNR=21.75 J=0.1826 (10.7s)
[T1-trial10] epoch 14/15 train_loss=0.1620 val_L1=0.0636 val_SSIM=0.6954 val_PSNR=21.72 J=0.1841 (9.7s)
[T1-trial10] epoch 15/15 train_loss=0.1625 val_L1=0.0609 val_SSIM=0.6970 val_PSNR=22.04 J=0.1820 (9.5s)
[I 2026-09-24 15:21:20,010] Trial 10 finished with value: 0.18196124615876572 and parameters: {'lr': 0.0005291835459963587, 'batch_size': 16, 'bottleneck': '16x16x8', 'base_channels': 48, 'dropout': 0.15309479581592264, 'alpha': 0.6156442463092598}. Best is trial 10 with value: 0.18196124615876572.
[T1-trial11] epoch 1/15 train_loss=0.2518 val_L1=0.0728 val_SSIM=0.5782 val_PSNR=20.20 J=0.2473 (20.8s)
[T1-trial11] epoch 2/15 train_loss=0.2047 val_L1=0.0920 val_SSIM=0.5724 val_PSNR=18.87 J=0.2598 (8.9s)
[T1-trial11] epoch 3/15 train_loss=0.1932 val_L1=0.0679 val_SSIM=0.6205 val_PSNR=20.86 J=0.2237 (9.5s)
[T1-trial11] epoch 4/15 train_loss=0.1856 val_L1=0.0671 val_SSIM=0.6379 val_PSNR=20.96 J=0.2146 (9.5s)
[T1-trial11] epoch 5/15 train_loss=0.1803 val_L1=0.0689 val_SSIM=0.6430 val_PSNR=20.95 J=0.2130 (9.5s)
[T1-trial11] epoch 6/15 train_loss=0.1776 val_L1=0.0707 val_SSIM=0.6373 val_PSNR=20.72 J=0.2167 (9.6s)
[T1-trial11] epoch 7/15 train_loss=0.1737 val_L1=0.0604 val_SSIM=0.6632 val_PSNR=21.80 J=0.1986 (11.3s)
[T1-trial11] epoch 8/15 train_loss=0.1713 val_L1=0.0591 val_SSIM=0.6635 val_PSNR=21.92 J=0.1978 (11.3s)
[T1-trial11] epoch 9/15 train_loss=0.1691 val_L1=0.0763 val_SSIM=0.6548 val_PSNR=20.30 J=0.2108 (12.5s)
[T1-trial11] epoch 10/15 train_loss=0.1688 val_L1=0.0591 val_SSIM=0.6751 val_PSNR=21.93 J=0.1920 (12.3s)
[T1-trial11] epoch 11/15 train_loss=0.1652 val_L1=0.0644 val_SSIM=0.6668 val_PSNR=21.38 J=0.1988 (11.8s)
[T1-trial11] epoch 12/15 train_loss=0.1642 val_L1=0.0572 val_SSIM=0.6803 val_PSNR=22.39 J=0.1885 (13.1s)
[T1-trial11] epoch 13/15 train_loss=0.1639 val_L1=0.0570 val_SSIM=0.6866 val_PSNR=22.37 J=0.1852 (15.0s)
[T1-trial11] epoch 14/15 train_loss=0.1626 val_L1=0.0577 val_SSIM=0.6868 val_PSNR=22.29 J=0.1855 (16.4s)
[T1-trial11] epoch 15/15 train_loss=0.1627 val_L1=0.0569 val_SSIM=0.6864 val_PSNR=22.41 J=0.1852 (16.6s)
[I 2026-09-24 15:25:44,442] Trial 11 finished with value: 0.1851873688966684 and parameters: {'lr': 0.0002438904962982653, 'batch_size': 16, 'bottleneck': '16x16x8', 'base_channels': 48, 'dropout': 0.1027086112305193, 'alpha': 0.6239751092234611}. Best is trial 10 with value: 0.18196124615876572.
[T1-trial12] epoch 1/15 train_loss=0.2941 val_L1=0.1056 val_SSIM=0.5078 val_PSNR=17.63 J=0.2989 (17.4s)
[T1-trial12] epoch 2/15 train_loss=0.2315 val_L1=0.0797 val_SSIM=0.5574 val_PSNR=19.70 J=0.2612 (4.7s)
[T1-trial12] epoch 3/15 train_loss=0.2168 val_L1=0.0690 val_SSIM=0.5875 val_PSNR=20.63 J=0.2408 (5.3s)
[T1-trial12] epoch 4/15 train_loss=0.2088 val_L1=0.0657 val_SSIM=0.5948 val_PSNR=21.09 J=0.2355 (7.4s)
[T1-trial12] epoch 5/15 train_loss=0.2036 val_L1=0.0742 val_SSIM=0.5963 val_PSNR=20.27 J=0.2390 (5.0s)
[T1-trial12] epoch 6/15 train_loss=0.2010 val_L1=0.0658 val_SSIM=0.6114 val_PSNR=21.05 J=0.2272 (5.6s)
[T1-trial12] epoch 7/15 train_loss=0.1972 val_L1=0.0694 val_SSIM=0.6075 val_PSNR=20.65 J=0.2309 (5.2s)
[T1-trial12] epoch 8/15 train_loss=0.1956 val_L1=0.0652 val_SSIM=0.6189 val_PSNR=21.22 J=0.2232 (5.2s)
[T1-trial12] epoch 9/15 train_loss=0.1936 val_L1=0.0683 val_SSIM=0.6201 val_PSNR=20.81 J=0.2241 (5.2s)
[T1-trial12] epoch 10/15 train_loss=0.1936 val_L1=0.0632 val_SSIM=0.6255 val_PSNR=21.30 J=0.2188 (5.2s)
[T1-trial12] epoch 11/15 train_loss=0.1907 val_L1=0.0643 val_SSIM=0.6252 val_PSNR=21.16 J=0.2195 (5.3s)
[T1-trial12] epoch 12/15 train_loss=0.1902 val_L1=0.0604 val_SSIM=0.6299 val_PSNR=21.80 J=0.2153 (5.4s)
[T1-trial12] epoch 13/15 train_loss=0.1903 val_L1=0.0592 val_SSIM=0.6335 val_PSNR=21.88 J=0.2129 (5.7s)
[T1-trial12] epoch 14/15 train_loss=0.1895 val_L1=0.0599 val_SSIM=0.6338 val_PSNR=21.84 J=0.2130 (6.4s)
[T1-trial12] epoch 15/15 train_loss=0.1899 val_L1=0.0594 val_SSIM=0.6332 val_PSNR=21.90 J=0.2131 (5.8s)
[I 2026-09-24 15:28:03,134] Trial 12 finished with value: 0.2128566406748217 and parameters: {'lr': 0.00026284154812293944, 'batch_size': 16, 'bottleneck': '16x16x8', 'base_channels': 16, 'dropout': 0.07289941513078443, 'alpha': 0.6121620002483159}. Best is trial 10 with value: 0.18196124615876572.
[T1-trial13] epoch 1/15 train_loss=0.1923 val_L1=0.0771 val_SSIM=0.5527 val_PSNR=19.75 J=0.2622 (22.4s)
[T1-trial13] epoch 2/15 train_loss=0.1560 val_L1=0.0917 val_SSIM=0.5632 val_PSNR=18.83 J=0.2642 (9.5s)
[T1-trial13] epoch 3/15 train_loss=0.1473 val_L1=0.0656 val_SSIM=0.6082 val_PSNR=21.28 J=0.2287 (11.3s)
[T1-trial13] epoch 4/15 train_loss=0.1418 val_L1=0.0660 val_SSIM=0.6245 val_PSNR=21.07 J=0.2208 (14.2s)
[T1-trial13] epoch 5/15 train_loss=0.1371 val_L1=0.0684 val_SSIM=0.6296 val_PSNR=21.05 J=0.2194 (14.5s)
[T1-trial13] epoch 6/15 train_loss=0.1354 val_L1=0.0733 val_SSIM=0.6276 val_PSNR=20.47 J=0.2228 (17.0s)
[T1-trial13] epoch 7/15 train_loss=0.1324 val_L1=0.0605 val_SSIM=0.6508 val_PSNR=21.88 J=0.2048 (18.4s)
[T1-trial13] epoch 8/15 train_loss=0.1306 val_L1=0.0611 val_SSIM=0.6470 val_PSNR=21.77 J=0.2070 (18.8s)
[T1-trial13] epoch 9/15 train_loss=0.1285 val_L1=0.0852 val_SSIM=0.6353 val_PSNR=19.41 J=0.2249 (18.1s)
[T1-trial13] epoch 10/15 train_loss=0.1288 val_L1=0.0582 val_SSIM=0.6661 val_PSNR=22.17 J=0.1961 (18.1s)
[T1-trial13] epoch 11/15 train_loss=0.1255 val_L1=0.0618 val_SSIM=0.6577 val_PSNR=21.63 J=0.2021 (19.7s)
[T1-trial13] epoch 12/15 train_loss=0.1249 val_L1=0.0598 val_SSIM=0.6655 val_PSNR=22.09 J=0.1972 (19.7s)
[T1-trial13] epoch 13/15 train_loss=0.1246 val_L1=0.0601 val_SSIM=0.6701 val_PSNR=22.05 J=0.1950 (18.4s)
[T1-trial13] epoch 14/15 train_loss=0.1231 val_L1=0.0602 val_SSIM=0.6696 val_PSNR=22.05 J=0.1953 (19.3s)
[T1-trial13] epoch 15/15 train_loss=0.1234 val_L1=0.0587 val_SSIM=0.6705 val_PSNR=22.23 J=0.1941 (16.8s)
[I 2026-09-24 15:33:54,162] Trial 13 finished with value: 0.19408997370982947 and parameters: {'lr': 0.000299347505464041, 'batch_size': 16, 'bottleneck': '16x16x8', 'base_channels': 48, 'dropout': 0.13031381638921166, 'alpha': 0.782969339660103}. Best is trial 10 with value: 0.18196124615876572.
[T1-trial14] epoch 1/15 train_loss=0.2908 val_L1=0.0932 val_SSIM=0.4504 val_PSNR=18.07 J=0.3214 (25.0s)
[T1-trial14] epoch 2/15 train_loss=0.2464 val_L1=0.0773 val_SSIM=0.5046 val_PSNR=19.52 J=0.2863 (11.1s)
[T1-trial14] epoch 3/15 train_loss=0.2315 val_L1=0.0801 val_SSIM=0.5239 val_PSNR=19.22 J=0.2781 (11.4s)
[I 2026-09-24 15:35:08,382] Trial 14 pruned. 
[T1-trial15] epoch 1/15 train_loss=0.3460 val_L1=0.1085 val_SSIM=0.4896 val_PSNR=17.36 J=0.3095 (25.2s)
[T1-trial15] epoch 2/15 train_loss=0.2715 val_L1=0.0782 val_SSIM=0.5672 val_PSNR=19.80 J=0.2555 (7.3s)
[T1-trial15] epoch 3/15 train_loss=0.2475 val_L1=0.0890 val_SSIM=0.5687 val_PSNR=19.02 J=0.2601 (8.0s)
[I 2026-09-24 15:36:51,618] Trial 15 pruned. 
[T1-trial16] epoch 1/15 train_loss=0.2009 val_L1=0.0906 val_SSIM=0.5354 val_PSNR=18.59 J=0.2776 (19.7s)
[T1-trial16] epoch 2/15 train_loss=0.1656 val_L1=0.0776 val_SSIM=0.5843 val_PSNR=19.88 J=0.2467 (7.4s)
[T1-trial16] epoch 3/15 train_loss=0.1556 val_L1=0.0773 val_SSIM=0.6069 val_PSNR=19.99 J=0.2352 (8.1s)
[T1-trial16] epoch 4/15 train_loss=0.1478 val_L1=0.0682 val_SSIM=0.6313 val_PSNR=20.73 J=0.2185 (8.7s)
[T1-trial16] epoch 5/15 train_loss=0.1424 val_L1=0.0807 val_SSIM=0.6242 val_PSNR=19.97 J=0.2282 (9.2s)
[T1-trial16] epoch 6/15 train_loss=0.1405 val_L1=0.0630 val_SSIM=0.6470 val_PSNR=21.53 J=0.2080 (9.5s)
[T1-trial16] epoch 7/15 train_loss=0.1365 val_L1=0.0658 val_SSIM=0.6576 val_PSNR=21.21 J=0.2041 (9.5s)
[T1-trial16] epoch 8/15 train_loss=0.1344 val_L1=0.0642 val_SSIM=0.6563 val_PSNR=21.36 J=0.2040 (9.5s)
[T1-trial16] epoch 9/15 train_loss=0.1314 val_L1=0.0786 val_SSIM=0.6534 val_PSNR=19.95 J=0.2126 (9.5s)
[T1-trial16] epoch 10/15 train_loss=0.1316 val_L1=0.0603 val_SSIM=0.6757 val_PSNR=21.87 J=0.1923 (9.5s)
[T1-trial16] epoch 11/15 train_loss=0.1276 val_L1=0.0662 val_SSIM=0.6662 val_PSNR=21.31 J=0.2000 (9.5s)
[T1-trial16] epoch 12/15 train_loss=0.1267 val_L1=0.0552 val_SSIM=0.6872 val_PSNR=22.72 J=0.1840 (9.5s)
[T1-trial16] epoch 13/15 train_loss=0.1259 val_L1=0.0575 val_SSIM=0.6907 val_PSNR=22.28 J=0.1834 (9.8s)
[T1-trial16] epoch 14/15 train_loss=0.1242 val_L1=0.0586 val_SSIM=0.6911 val_PSNR=22.31 J=0.1838 (10.0s)
[T1-trial16] epoch 15/15 train_loss=0.1241 val_L1=0.0570 val_SSIM=0.6913 val_PSNR=22.54 J=0.1828 (11.0s)
