[I 2026-09-24 15:41:06,293] Trial 16 finished with value: 0.18284676122762586 and parameters: {'lr': 0.0011012667438884203, 'batch_size': 16, 'bottleneck': '16x16x8', 'base_channels': 48, 'dropout': 0.12470780912067352, 'alpha': 0.7565389026485997}. Best is trial 10 with value: 0.18196124615876572.
[T1-trial17] epoch 1/15 train_loss=0.2976 val_L1=0.0929 val_SSIM=0.5545 val_PSNR=18.48 J=0.2692 (20.3s)
[T1-trial17] epoch 2/15 train_loss=0.2508 val_L1=0.0894 val_SSIM=0.5902 val_PSNR=18.91 J=0.2496 (9.4s)
[T1-trial17] epoch 3/15 train_loss=0.2368 val_L1=0.0896 val_SSIM=0.6208 val_PSNR=18.86 J=0.2344 (9.5s)
[T1-trial17] epoch 4/15 train_loss=0.2291 val_L1=0.0861 val_SSIM=0.6389 val_PSNR=19.20 J=0.2236 (9.5s)
[T1-trial17] epoch 5/15 train_loss=0.2221 val_L1=0.0770 val_SSIM=0.6561 val_PSNR=20.11 J=0.2105 (9.5s)
[T1-trial17] epoch 6/15 train_loss=0.2189 val_L1=0.0820 val_SSIM=0.6534 val_PSNR=19.71 J=0.2143 (11.1s)
[T1-trial17] epoch 7/15 train_loss=0.2137 val_L1=0.0751 val_SSIM=0.6656 val_PSNR=20.19 J=0.2048 (12.0s)
[T1-trial17] epoch 8/15 train_loss=0.2111 val_L1=0.0768 val_SSIM=0.6738 val_PSNR=20.15 J=0.2015 (12.5s)
[T1-trial17] epoch 9/15 train_loss=0.2075 val_L1=0.1083 val_SSIM=0.6448 val_PSNR=17.42 J=0.2318 (12.0s)
[T1-trial17] epoch 10/15 train_loss=0.2067 val_L1=0.0789 val_SSIM=0.6766 val_PSNR=19.96 J=0.2012 (13.9s)
[T1-trial17] epoch 11/15 train_loss=0.2029 val_L1=0.0836 val_SSIM=0.6727 val_PSNR=19.48 J=0.2054 (12.4s)
[T1-trial17] epoch 12/15 train_loss=0.2015 val_L1=0.0882 val_SSIM=0.6747 val_PSNR=19.18 J=0.2067 (14.1s)
[T1-trial17] epoch 13/15 train_loss=0.2012 val_L1=0.0801 val_SSIM=0.6855 val_PSNR=19.81 J=0.1973 (14.1s)
[T1-trial17] epoch 14/15 train_loss=0.1994 val_L1=0.0834 val_SSIM=0.6825 val_PSNR=19.56 J=0.2005 (13.8s)
[T1-trial17] epoch 15/15 train_loss=0.1997 val_L1=0.0811 val_SSIM=0.6823 val_PSNR=19.83 J=0.1994 (14.2s)
[I 2026-09-24 15:45:30,563] Trial 17 finished with value: 0.19732288254991823 and parameters: {'lr': 0.0008500569920751516, 'batch_size': 16, 'bottleneck': '16x16x8', 'base_channels': 48, 'dropout': 0.21246764741835455, 'alpha': 0.5037543370884742}. Best is trial 10 with value: 0.18196124615876572.
[T1-trial18] epoch 1/15 train_loss=0.2215 val_L1=0.0807 val_SSIM=0.5501 val_PSNR=19.51 J=0.2653 (20.7s)
[T1-trial18] epoch 2/15 train_loss=0.1837 val_L1=0.0995 val_SSIM=0.5620 val_PSNR=18.21 J=0.2687 (9.5s)
[T1-trial18] epoch 3/15 train_loss=0.1719 val_L1=0.0850 val_SSIM=0.6141 val_PSNR=19.34 J=0.2355 (9.5s)
[I 2026-09-24 15:46:32,010] Trial 18 pruned. 
[T1-trial19] epoch 1/15 train_loss=0.2241 val_L1=0.0886 val_SSIM=0.5310 val_PSNR=18.67 J=0.2788 (18.6s)
[T1-trial19] epoch 2/15 train_loss=0.1831 val_L1=0.1020 val_SSIM=0.5402 val_PSNR=18.08 J=0.2809 (7.6s)
[T1-trial19] epoch 3/15 train_loss=0.1695 val_L1=0.0817 val_SSIM=0.6044 val_PSNR=19.60 J=0.2386 (8.5s)
[I 2026-09-24 15:48:08,727] Trial 19 pruned. 
[T1-trial20] epoch 1/15 train_loss=0.1845 val_L1=0.0849 val_SSIM=0.5310 val_PSNR=19.13 J=0.2769 (19.4s)
[T1-trial20] epoch 2/15 train_loss=0.1484 val_L1=0.0921 val_SSIM=0.5600 val_PSNR=18.65 J=0.2661 (7.4s)
[T1-trial20] epoch 3/15 train_loss=0.1387 val_L1=0.0736 val_SSIM=0.6076 val_PSNR=20.38 J=0.2330 (7.9s)
[T1-trial20] epoch 4/15 train_loss=0.1315 val_L1=0.0670 val_SSIM=0.6314 val_PSNR=21.01 J=0.2178 (8.5s)
[T1-trial20] epoch 5/15 train_loss=0.1268 val_L1=0.0672 val_SSIM=0.6398 val_PSNR=21.09 J=0.2137 (9.0s)
[T1-trial20] epoch 6/15 train_loss=0.1242 val_L1=0.0656 val_SSIM=0.6488 val_PSNR=21.29 J=0.2084 (9.3s)
[T1-trial20] epoch 7/15 train_loss=0.1203 val_L1=0.0649 val_SSIM=0.6620 val_PSNR=21.39 J=0.2015 (9.5s)
[T1-trial20] epoch 8/15 train_loss=0.1188 val_L1=0.0645 val_SSIM=0.6595 val_PSNR=21.35 J=0.2025 (9.5s)
[T1-trial20] epoch 9/15 train_loss=0.1160 val_L1=0.0804 val_SSIM=0.6356 val_PSNR=19.93 J=0.2224 (9.5s)
[T1-trial20] epoch 10/15 train_loss=0.1159 val_L1=0.0524 val_SSIM=0.6891 val_PSNR=22.88 J=0.1817 (9.5s)
[T1-trial20] epoch 11/15 train_loss=0.1120 val_L1=0.0589 val_SSIM=0.6811 val_PSNR=22.12 J=0.1889 (9.5s)
[T1-trial20] epoch 12/15 train_loss=0.1106 val_L1=0.0495 val_SSIM=0.6999 val_PSNR=23.32 J=0.1748 (9.5s)
[T1-trial20] epoch 13/15 train_loss=0.1102 val_L1=0.0520 val_SSIM=0.7016 val_PSNR=22.91 J=0.1752 (9.5s)
[T1-trial20] epoch 14/15 train_loss=0.1085 val_L1=0.0520 val_SSIM=0.7023 val_PSNR=23.13 J=0.1748 (9.5s)
[T1-trial20] epoch 15/15 train_loss=0.1082 val_L1=0.0505 val_SSIM=0.7027 val_PSNR=23.31 J=0.1739 (9.5s)
[I 2026-09-24 15:52:19,211] Trial 20 finished with value: 0.17393588149191244 and parameters: {'lr': 0.001134505873273141, 'batch_size': 16, 'bottleneck': '16x16x8', 'base_channels': 48, 'dropout': 0.06479926441944363, 'alpha': 0.7977663728893899}. Best is trial 20 with value: 0.17393588149191244.
[T1-trial21] epoch 1/15 train_loss=0.2098 val_L1=0.0927 val_SSIM=0.5253 val_PSNR=18.47 J=0.2837 (20.7s)
[T1-trial21] epoch 2/15 train_loss=0.1668 val_L1=0.0693 val_SSIM=0.6013 val_PSNR=20.69 J=0.2340 (9.3s)
[T1-trial21] epoch 3/15 train_loss=0.1542 val_L1=0.0599 val_SSIM=0.6322 val_PSNR=21.86 J=0.2138 (9.6s)
[T1-trial21] epoch 4/15 train_loss=0.1447 val_L1=0.0707 val_SSIM=0.6400 val_PSNR=20.66 J=0.2154 (9.6s)
[T1-trial21] epoch 5/15 train_loss=0.1386 val_L1=0.0676 val_SSIM=0.6540 val_PSNR=21.06 J=0.2068 (9.5s)
[T1-trial21] epoch 6/15 train_loss=0.1358 val_L1=0.0590 val_SSIM=0.6780 val_PSNR=22.03 J=0.1905 (9.5s)
[T1-trial21] epoch 7/15 train_loss=0.1306 val_L1=0.0526 val_SSIM=0.6967 val_PSNR=22.86 J=0.1779 (9.5s)
[T1-trial21] epoch 8/15 train_loss=0.1292 val_L1=0.0545 val_SSIM=0.7014 val_PSNR=22.65 J=0.1765 (9.6s)
[T1-trial21] epoch 9/15 train_loss=0.1254 val_L1=0.0681 val_SSIM=0.6744 val_PSNR=21.23 J=0.1969 (9.6s)
[T1-trial21] epoch 10/15 train_loss=0.1254 val_L1=0.0509 val_SSIM=0.7117 val_PSNR=23.17 J=0.1696 (10.1s)
[T1-trial21] epoch 11/15 train_loss=0.1214 val_L1=0.0554 val_SSIM=0.7031 val_PSNR=22.52 J=0.1761 (10.8s)
[T1-trial21] epoch 12/15 train_loss=0.1200 val_L1=0.0475 val_SSIM=0.7191 val_PSNR=23.63 J=0.1642 (11.3s)
[T1-trial21] epoch 13/15 train_loss=0.1190 val_L1=0.0485 val_SSIM=0.7224 val_PSNR=23.50 J=0.1630 (11.9s)
[T1-trial21] epoch 14/15 train_loss=0.1171 val_L1=0.0480 val_SSIM=0.7239 val_PSNR=23.63 J=0.1621 (11.6s)
[T1-trial21] epoch 15/15 train_loss=0.1170 val_L1=0.0471 val_SSIM=0.7244 val_PSNR=23.73 J=0.1613 (11.0s)
[I 2026-09-24 15:56:11,336] Trial 21 finished with value: 0.16133283082719732 and parameters: {'lr': 0.0015742884094025011, 'batch_size': 16, 'bottleneck': '16x16x8', 'base_channels': 48, 'dropout': 0.02138291141290563, 'alpha': 0.7288335133729685}. Best is trial 21 with value: 0.16133283082719732.
[T1-trial22] epoch 1/15 train_loss=0.2480 val_L1=0.0994 val_SSIM=0.5508 val_PSNR=17.72 J=0.2743 (24.1s)
[T1-trial22] epoch 2/15 train_loss=0.1981 val_L1=0.0819 val_SSIM=0.6147 val_PSNR=19.45 J=0.2336 (9.9s)
[T1-trial22] epoch 3/15 train_loss=0.1832 val_L1=0.0856 val_SSIM=0.6437 val_PSNR=19.39 J=0.2210 (9.8s)
[T1-trial22] epoch 4/15 train_loss=0.1733 val_L1=0.0835 val_SSIM=0.6545 val_PSNR=19.44 J=0.2145 (9.8s)
[T1-trial22] epoch 5/15 train_loss=0.1672 val_L1=0.0958 val_SSIM=0.6623 val_PSNR=18.45 J=0.2167 (9.8s)
[T1-trial22] epoch 6/15 train_loss=0.1634 val_L1=0.0866 val_SSIM=0.6693 val_PSNR=19.26 J=0.2087 (9.8s)
[T1-trial22] epoch 7/15 train_loss=0.1588 val_L1=0.0753 val_SSIM=0.6934 val_PSNR=20.22 J=0.1909 (10.4s)
[T1-trial22] epoch 8/15 train_loss=0.1563 val_L1=0.0606 val_SSIM=0.7057 val_PSNR=21.83 J=0.1775 (10.3s)
[T1-trial22] epoch 9/15 train_loss=0.1469 val_L1=0.0747 val_SSIM=0.6928 val_PSNR=20.23 J=0.1910 (10.5s)
[T1-trial22] epoch 10/15 train_loss=0.1453 val_L1=0.0563 val_SSIM=0.7221 val_PSNR=22.39 J=0.1671 (10.7s)
[T1-trial22] epoch 11/15 train_loss=0.1403 val_L1=0.0535 val_SSIM=0.7236 val_PSNR=22.77 J=0.1649 (9.7s)
[T1-trial22] epoch 12/15 train_loss=0.1380 val_L1=0.0496 val_SSIM=0.7336 val_PSNR=23.32 J=0.1580 (9.8s)
[T1-trial22] epoch 13/15 train_loss=0.1369 val_L1=0.0511 val_SSIM=0.7333 val_PSNR=23.09 J=0.1589 (10.3s)
[T1-trial22] epoch 14/15 train_loss=0.1351 val_L1=0.0518 val_SSIM=0.7354 val_PSNR=23.17 J=0.1582 (9.5s)
[T1-trial22] epoch 15/15 train_loss=0.1346 val_L1=0.0473 val_SSIM=0.7418 val_PSNR=23.74 J=0.1527 (10.3s)
[I 2026-09-24 16:00:05,999] Trial 22 finished with value: 0.15270886598559824 and parameters: {'lr': 0.001790578170309294, 'batch_size': 16, 'bottleneck': '16x16x8', 'base_channels': 48, 'dropout': 0.01005217227619378, 'alpha': 0.6235823614525364}. Best is trial 22 with value: 0.15270886598559824.
[T1-trial23] epoch 1/15 train_loss=0.2642 val_L1=0.0970 val_SSIM=0.5533 val_PSNR=18.06 J=0.2718 (20.6s)
[T1-trial23] epoch 2/15 train_loss=0.2130 val_L1=0.1134 val_SSIM=0.5884 val_PSNR=16.99 J=0.2625 (9.0s)
[T1-trial23] epoch 3/15 train_loss=0.1970 val_L1=0.0883 val_SSIM=0.6320 val_PSNR=19.11 J=0.2282 (9.9s)
[T1-trial23] epoch 4/15 train_loss=0.1852 val_L1=0.0720 val_SSIM=0.6716 val_PSNR=20.69 J=0.2002 (9.6s)
[T1-trial23] epoch 5/15 train_loss=0.1778 val_L1=0.1030 val_SSIM=0.6567 val_PSNR=18.13 J=0.2231 (9.6s)
[T1-trial23] epoch 6/15 train_loss=0.1732 val_L1=0.0792 val_SSIM=0.6801 val_PSNR=19.87 J=0.1996 (9.8s)
[T1-trial23] epoch 7/15 train_loss=0.1685 val_L1=0.0731 val_SSIM=0.7006 val_PSNR=20.42 J=0.1863 (9.6s)
[T1-trial23] epoch 8/15 train_loss=0.1658 val_L1=0.0666 val_SSIM=0.7140 val_PSNR=21.21 J=0.1763 (9.6s)
[T1-trial23] epoch 9/15 train_loss=0.1611 val_L1=0.0887 val_SSIM=0.6910 val_PSNR=19.03 J=0.1989 (9.6s)
[T1-trial23] epoch 10/15 train_loss=0.1603 val_L1=0.0645 val_SSIM=0.7271 val_PSNR=21.44 J=0.1687 (9.6s)
[T1-trial23] epoch 11/15 train_loss=0.1554 val_L1=0.0642 val_SSIM=0.7246 val_PSNR=21.48 J=0.1698 (9.6s)
[T1-trial23] epoch 12/15 train_loss=0.1501 val_L1=0.0524 val_SSIM=0.7362 val_PSNR=23.00 J=0.1581 (9.6s)
[T1-trial23] epoch 13/15 train_loss=0.1473 val_L1=0.0502 val_SSIM=0.7413 val_PSNR=23.33 J=0.1544 (9.5s)
[T1-trial23] epoch 14/15 train_loss=0.1449 val_L1=0.0509 val_SSIM=0.7435 val_PSNR=23.28 J=0.1537 (9.7s)
[T1-trial23] epoch 15/15 train_loss=0.1444 val_L1=0.0491 val_SSIM=0.7442 val_PSNR=23.56 J=0.1524 (9.6s)
[I 2026-09-24 16:03:48,572] Trial 23 finished with value: 0.1524172930613808 and parameters: {'lr': 0.001893625708363196, 'batch_size': 16, 'bottleneck': '16x16x8', 'base_channels': 48, 'dropout': 0.02981274112367272, 'alpha': 0.5868227987096424}. Best is trial 23 with value: 0.1524172930613808.
[T1-trial24] epoch 1/15 train_loss=0.2506 val_L1=0.0927 val_SSIM=0.5588 val_PSNR=18.36 J=0.2670 (21.4s)
[T1-trial24] epoch 2/15 train_loss=0.2016 val_L1=0.0848 val_SSIM=0.6165 val_PSNR=19.19 J=0.2342 (8.6s)
[T1-trial24] epoch 3/15 train_loss=0.1857 val_L1=0.0735 val_SSIM=0.6461 val_PSNR=20.43 J=0.2137 (9.2s)
[T1-trial24] epoch 4/15 train_loss=0.1715 val_L1=0.0819 val_SSIM=0.6528 val_PSNR=19.73 J=0.2146 (9.7s)
[T1-trial24] epoch 5/15 train_loss=0.1624 val_L1=0.0925 val_SSIM=0.6553 val_PSNR=18.86 J=0.2186 (9.5s)
[T1-trial24] epoch 6/15 train_loss=0.1575 val_L1=0.0732 val_SSIM=0.6813 val_PSNR=20.64 J=0.1959 (9.6s)
[T1-trial24] epoch 7/15 train_loss=0.1522 val_L1=0.0640 val_SSIM=0.6964 val_PSNR=21.47 J=0.1838 (9.6s)
[T1-trial24] epoch 8/15 train_loss=0.1486 val_L1=0.0522 val_SSIM=0.7185 val_PSNR=22.99 J=0.1668 (9.6s)
[T1-trial24] epoch 9/15 train_loss=0.1445 val_L1=0.0712 val_SSIM=0.6918 val_PSNR=20.89 J=0.1897 (9.6s)
[T1-trial24] epoch 10/15 train_loss=0.1437 val_L1=0.0504 val_SSIM=0.7311 val_PSNR=23.24 J=0.1597 (9.8s)
[T1-trial24] epoch 11/15 train_loss=0.1389 val_L1=0.0497 val_SSIM=0.7326 val_PSNR=23.41 J=0.1586 (10.9s)
[T1-trial24] epoch 12/15 train_loss=0.1375 val_L1=0.0512 val_SSIM=0.7314 val_PSNR=23.12 J=0.1599 (10.1s)
[T1-trial24] epoch 13/15 train_loss=0.1362 val_L1=0.0467 val_SSIM=0.7410 val_PSNR=23.80 J=0.1529 (10.3s)
[T1-trial24] epoch 14/15 train_loss=0.1346 val_L1=0.0473 val_SSIM=0.7415 val_PSNR=23.80 J=0.1529 (9.6s)
[T1-trial24] epoch 15/15 train_loss=0.1342 val_L1=0.0463 val_SSIM=0.7432 val_PSNR=23.90 J=0.1516 (9.9s)
[I 2026-09-24 16:07:33,127] Trial 24 finished with value: 0.15155828387840936 and parameters: {'lr': 0.001680987112920829, 'batch_size': 16, 'bottleneck': '16x16x8', 'base_channels': 48, 'dropout': 0.013960041724716508, 'alpha': 0.6216619971030036}. Best is trial 24 with value: 0.15155828387840936.
[T1-trial25] epoch 1/15 train_loss=0.2969 val_L1=0.1005 val_SSIM=0.4846 val_PSNR=17.89 J=0.3080 (20.4s)
[T1-trial25] epoch 2/15 train_loss=0.2337 val_L1=0.0841 val_SSIM=0.5430 val_PSNR=19.06 J=0.2706 (9.0s)
[T1-trial25] epoch 3/15 train_loss=0.2119 val_L1=0.0832 val_SSIM=0.5706 val_PSNR=19.11 J=0.2563 (9.3s)
[I 2026-09-24 16:08:36,644] Trial 25 pruned. 
[T1-trial26] epoch 1/15 train_loss=0.2735 val_L1=0.0912 val_SSIM=0.5651 val_PSNR=18.51 J=0.2631 (28.0s)
[T1-trial26] epoch 2/15 train_loss=0.2205 val_L1=0.0756 val_SSIM=0.5962 val_PSNR=20.15 J=0.2397 (7.8s)
[T1-trial26] epoch 3/15 train_loss=0.2047 val_L1=0.0730 val_SSIM=0.6331 val_PSNR=20.48 J=0.2199 (8.4s)
[T1-trial26] epoch 4/15 train_loss=0.1928 val_L1=0.0737 val_SSIM=0.6573 val_PSNR=20.43 J=0.2082 (9.4s)
[T1-trial26] epoch 5/15 train_loss=0.1851 val_L1=0.0765 val_SSIM=0.6587 val_PSNR=20.30 J=0.2089 (9.9s)
[T1-trial26] epoch 6/15 train_loss=0.1801 val_L1=0.0705 val_SSIM=0.6775 val_PSNR=20.82 J=0.1965 (10.0s)
[T1-trial26] epoch 7/15 train_loss=0.1742 val_L1=0.0598 val_SSIM=0.6997 val_PSNR=21.94 J=0.1801 (9.4s)
[T1-trial26] epoch 8/15 train_loss=0.1714 val_L1=0.0612 val_SSIM=0.7073 val_PSNR=21.72 J=0.1769 (9.3s)
[T1-trial26] epoch 9/15 train_loss=0.1671 val_L1=0.0787 val_SSIM=0.6861 val_PSNR=20.07 J=0.1963 (9.1s)
[T1-trial26] epoch 10/15 train_loss=0.1666 val_L1=0.0518 val_SSIM=0.7186 val_PSNR=23.05 J=0.1666 (9.1s)
[T1-trial26] epoch 11/15 train_loss=0.1619 val_L1=0.0559 val_SSIM=0.7171 val_PSNR=22.68 J=0.1694 (9.3s)
[T1-trial26] epoch 12/15 train_loss=0.1603 val_L1=0.0490 val_SSIM=0.7305 val_PSNR=23.49 J=0.1593 (9.2s)
[T1-trial26] epoch 13/15 train_loss=0.1598 val_L1=0.0515 val_SSIM=0.7317 val_PSNR=23.15 J=0.1599 (9.6s)
[T1-trial26] epoch 14/15 train_loss=0.1583 val_L1=0.0509 val_SSIM=0.7324 val_PSNR=23.30 J=0.1593 (9.6s)
[T1-trial26] epoch 15/15 train_loss=0.1580 val_L1=0.0491 val_SSIM=0.7344 val_PSNR=23.57 J=0.1573 (9.0s)
[I 2026-09-24 16:13:02,256] Trial 26 finished with value: 0.1573393504418757 and parameters: {'lr': 0.001430302402800774, 'batch_size': 16, 'bottleneck': '16x16x8', 'base_channels': 48, 'dropout': 0.06449239574708225, 'alpha': 0.5568165723119674}. Best is trial 24 with value: 0.15155828387840936.
[T1-trial27] epoch 1/15 train_loss=0.2344 val_L1=0.0852 val_SSIM=0.5457 val_PSNR=19.04 J=0.2697 (18.7s)
[T1-trial27] epoch 2/15 train_loss=0.1897 val_L1=0.0791 val_SSIM=0.5744 val_PSNR=19.82 J=0.2524 (7.8s)
[T1-trial27] epoch 3/15 train_loss=0.1761 val_L1=0.0774 val_SSIM=0.6214 val_PSNR=20.16 J=0.2280 (8.4s)
[T1-trial27] epoch 4/15 train_loss=0.1651 val_L1=0.0712 val_SSIM=0.6373 val_PSNR=20.70 J=0.2170 (8.7s)
[T1-trial27] epoch 5/15 train_loss=0.1590 val_L1=0.0891 val_SSIM=0.6349 val_PSNR=19.31 J=0.2271 (9.0s)
[T1-trial27] epoch 6/15 train_loss=0.1554 val_L1=0.0667 val_SSIM=0.6696 val_PSNR=21.21 J=0.1986 (9.6s)
[T1-trial27] epoch 7/15 train_loss=0.1501 val_L1=0.0562 val_SSIM=0.6904 val_PSNR=22.43 J=0.1829 (9.5s)
[T1-trial27] epoch 8/15 train_loss=0.1478 val_L1=0.0601 val_SSIM=0.6836 val_PSNR=21.89 J=0.1883 (9.2s)
[T1-trial27] epoch 9/15 train_loss=0.1438 val_L1=0.0667 val_SSIM=0.6814 val_PSNR=21.37 J=0.1927 (9.5s)
[T1-trial27] epoch 10/15 train_loss=0.1432 val_L1=0.0541 val_SSIM=0.7059 val_PSNR=22.66 J=0.1741 (9.6s)
[T1-trial27] epoch 11/15 train_loss=0.1386 val_L1=0.0577 val_SSIM=0.6968 val_PSNR=22.32 J=0.1805 (9.6s)
[T1-trial27] epoch 12/15 train_loss=0.1377 val_L1=0.0522 val_SSIM=0.7130 val_PSNR=23.16 J=0.1696 (9.6s)
[T1-trial27] epoch 13/15 train_loss=0.1368 val_L1=0.0508 val_SSIM=0.7163 val_PSNR=23.18 J=0.1673 (9.6s)
[T1-trial27] epoch 14/15 train_loss=0.1350 val_L1=0.0534 val_SSIM=0.7179 val_PSNR=22.97 J=0.1677 (9.6s)
[T1-trial27] epoch 15/15 train_loss=0.1347 val_L1=0.0509 val_SSIM=0.7178 val_PSNR=23.33 J=0.1665 (9.7s)
[I 2026-09-24 16:16:35,013] Trial 27 finished with value: 0.16654847254571706 and parameters: {'lr': 0.001859068560764066, 'batch_size': 16, 'bottleneck': '16x16x8', 'base_channels': 48, 'dropout': 0.09005161153913817, 'alpha': 0.6810581663975876}. Best is trial 24 with value: 0.15155828387840936.
[T1-trial28] epoch 1/15 train_loss=0.2515 val_L1=0.0821 val_SSIM=0.5577 val_PSNR=19.32 J=0.2622 (18.3s)
[T1-trial28] epoch 2/15 train_loss=0.2017 val_L1=0.0655 val_SSIM=0.6196 val_PSNR=21.18 J=0.2230 (5.4s)
[T1-trial28] epoch 3/15 train_loss=0.1846 val_L1=0.0721 val_SSIM=0.6395 val_PSNR=20.46 J=0.2163 (5.8s)
[T1-trial28] epoch 4/15 train_loss=0.1725 val_L1=0.0772 val_SSIM=0.6613 val_PSNR=20.04 J=0.2079 (5.8s)
[T1-trial28] epoch 5/15 train_loss=0.1645 val_L1=0.0850 val_SSIM=0.6561 val_PSNR=19.79 J=0.2145 (6.1s)
[T1-trial28] epoch 6/15 train_loss=0.1616 val_L1=0.0800 val_SSIM=0.6741 val_PSNR=19.76 J=0.2029 (6.4s)
[T1-trial28] epoch 7/15 train_loss=0.1561 val_L1=0.0606 val_SSIM=0.6971 val_PSNR=21.81 J=0.1817 (6.6s)
[T1-trial28] epoch 8/15 train_loss=0.1523 val_L1=0.0597 val_SSIM=0.7102 val_PSNR=21.95 J=0.1747 (6.2s)
[T1-trial28] epoch 9/15 train_loss=0.1483 val_L1=0.0704 val_SSIM=0.7002 val_PSNR=20.90 J=0.1851 (6.7s)
[T1-trial28] epoch 10/15 train_loss=0.1476 val_L1=0.0569 val_SSIM=0.7167 val_PSNR=22.33 J=0.1701 (6.3s)
[T1-trial28] epoch 11/15 train_loss=0.1436 val_L1=0.0486 val_SSIM=0.7270 val_PSNR=23.51 J=0.1608 (6.3s)
[T1-trial28] epoch 12/15 train_loss=0.1421 val_L1=0.0478 val_SSIM=0.7332 val_PSNR=23.62 J=0.1573 (6.5s)
[T1-trial28] epoch 13/15 train_loss=0.1417 val_L1=0.0489 val_SSIM=0.7330 val_PSNR=23.40 J=0.1579 (6.6s)
[T1-trial28] epoch 14/15 train_loss=0.1401 val_L1=0.0484 val_SSIM=0.7372 val_PSNR=23.59 J=0.1556 (7.2s)
[T1-trial28] epoch 15/15 train_loss=0.1399 val_L1=0.0467 val_SSIM=0.7383 val_PSNR=23.80 J=0.1542 (6.4s)
[I 2026-09-24 16:19:08,193] Trial 28 finished with value: 0.15422669518738985 and parameters: {'lr': 0.002246806607606554, 'batch_size': 16, 'bottleneck': '16x16x8', 'base_channels': 32, 'dropout': 0.005094350502002857, 'alpha': 0.6049958451147585}. Best is trial 24 with value: 0.15155828387840936.
[T1-trial29] epoch 1/15 train_loss=0.2842 val_L1=0.0877 val_SSIM=0.5828 val_PSNR=18.67 J=0.2524 (20.1s)
[T1-trial29] epoch 2/15 train_loss=0.2237 val_L1=0.1196 val_SSIM=0.5779 val_PSNR=17.06 J=0.2709 (7.9s)
[T1-trial29] epoch 3/15 train_loss=0.2059 val_L1=0.0864 val_SSIM=0.6460 val_PSNR=19.27 J=0.2202 (8.8s)
[T1-trial29] epoch 4/15 train_loss=0.1929 val_L1=0.0746 val_SSIM=0.6808 val_PSNR=20.21 J=0.1969 (9.5s)
[T1-trial29] epoch 5/15 train_loss=0.1851 val_L1=0.0776 val_SSIM=0.6857 val_PSNR=20.05 J=0.1960 (9.4s)
[T1-trial29] epoch 6/15 train_loss=0.1806 val_L1=0.0712 val_SSIM=0.7023 val_PSNR=20.69 J=0.1845 (9.7s)
[T1-trial29] epoch 7/15 train_loss=0.1754 val_L1=0.0683 val_SSIM=0.7116 val_PSNR=21.02 J=0.1784 (9.6s)
[T1-trial29] epoch 8/15 train_loss=0.1698 val_L1=0.0570 val_SSIM=0.7236 val_PSNR=22.40 J=0.1667 (9.6s)
[T1-trial29] epoch 9/15 train_loss=0.1601 val_L1=0.0824 val_SSIM=0.6957 val_PSNR=19.79 J=0.1933 (9.7s)
[T1-trial29] epoch 10/15 train_loss=0.1580 val_L1=0.0504 val_SSIM=0.7408 val_PSNR=23.31 J=0.1548 (9.7s)
[T1-trial29] epoch 11/15 train_loss=0.1524 val_L1=0.0520 val_SSIM=0.7400 val_PSNR=23.00 J=0.1560 (9.6s)
[T1-trial29] epoch 12/15 train_loss=0.1501 val_L1=0.0491 val_SSIM=0.7485 val_PSNR=23.46 J=0.1503 (9.7s)
[T1-trial29] epoch 13/15 train_loss=0.1488 val_L1=0.0469 val_SSIM=0.7537 val_PSNR=23.82 J=0.1466 (9.6s)
[T1-trial29] epoch 14/15 train_loss=0.1467 val_L1=0.0467 val_SSIM=0.7552 val_PSNR=23.91 J=0.1458 (9.6s)
[T1-trial29] epoch 15/15 train_loss=0.1463 val_L1=0.0458 val_SSIM=0.7567 val_PSNR=24.00 J=0.1445 (9.6s)
[I 2026-09-24 16:22:45,811] Trial 29 finished with value: 0.14452707882889584 and parameters: {'lr': 0.001912089184823488, 'batch_size': 16, 'bottleneck': '16x16x8', 'base_channels': 48, 'dropout': 0.006019299454785406, 'alpha': 0.530585277197807}. Best is trial 29 with value: 0.14452707882889584.
C:\Users\KENKINIKI\Desktop\New folder (2)\src\optimization\search.py:129: ExperimentalWarning: optuna.visualization.matplotlib._optimization_history.plot_optimization_history is experimental (supported from v2.2.0). The interface can change in the future.
  ax = ovm.plot_optimization_history(study)
C:\Users\KENKINIKI\Desktop\New folder (2)\src\optimization\search.py:136: ExperimentalWarning: optuna.visualization.matplotlib._param_importances.plot_param_importances is experimental (supported from v2.2.0). The interface can change in the future.
  ax = ovm.plot_param_importances(study)
C:\Users\KENKINIKI\Desktop\New folder (2)\src\optimization\search.py:142: ExperimentalWarning: optuna.visualization.matplotlib._intermediate_values.plot_intermediate_values is experimental (supported from v2.2.0). The interface can change in the future.
  ax = ovm.plot_intermediate_values(study)
[optuna] best value 0.14452707882889584 params {'lr': 0.001912089184823488, 'batch_size': 16, 'bottleneck': '16x16x8', 'base_channels': 48, 'dropout': 0.006019299454785406, 'alpha': 0.530585277197807}
