number,value,datetime_start,datetime_complete,duration,params_alpha,params_base_channels,params_batch_size,params_bottleneck,params_lr,user_attrs_baseline,user_attrs_blur_val_objective,user_attrs_blur_val_psnr,user_attrs_blur_val_ssim,user_attrs_duration_s,user_attrs_occlusion_val_objective,user_attrs_occlusion_val_psnr,user_attrs_occlusion_val_ssim,user_attrs_salt_pepper_val_objective,user_attrs_salt_pepper_val_psnr,user_attrs_salt_pepper_val_ssim,system_attrs_fixed_params,system_attrs_tpe:relative_params:0,state
0,0.25875040008753974,2026-09-25 15:06:20.843292,2026-09-25 15:11:24.354725,0 days 00:05:03.511433,0.8,32,32,8x8x16,0.001,True,0.23999703141010323,21.720144852347996,0.5793557011562845,303.4,0.29012067032896954,18.595303991566535,0.5069194980289625,0.24613349852354632,21.565474054087762,0.5681389907132024,"{'lr': 0.001, 'batch_size': 32, 'bottleneck': '8x8x16', 'base_channels': 32, 'alpha': 0.8}",,COMPLETE
1,0.20110323425868284,2026-09-25 15:11:24.510282,2026-09-25 15:19:36.148004,0 days 00:08:11.637722,0.8745991883601898,48,16,16x16x8,0.0003574712922600243,,0.17832079513565355,23.634676394255266,0.6932150280993917,491.6,0.23889484110733739,20.39737767758577,0.588872466398322,0.1860940665330576,23.477838599163555,0.67815145202305,,,COMPLETE
2,0.23314166255295277,2026-09-25 15:19:36.303929,2026-09-25 15:27:32.111499,0 days 00:07:55.807570,0.8533291826268561,48,64,16x16x8,0.00020589728197687926,,0.2110579491633436,22.93677852464759,0.6297942270403323,475.7,0.26599003083032113,19.62161395860755,0.5416890486426975,0.22237700766519358,22.380127036053203,0.611328573330589,,,COMPLETE
3,0.24593981436413268,2026-09-25 15:27:32.270720,2026-09-25 15:31:10.571399,0 days 00:03:38.300679,0.8079048619304705,16,32,16x16x16,0.00019721610970574026,,0.22277917955880577,21.639717350835387,0.6172827793204266,218.2,0.2782357931137085,19.08758080523947,0.5237447710140891,0.2368044704198837,21.33786375626274,0.5913353225459224,,,COMPLETE
4,0.2838616410027379,2026-09-25 15:31:10.724729,2026-09-25 15:32:08.959594,0 days 00:00:58.234865,0.8488097705125015,48,32,8x8x16,0.00044684675025045853,,,,,,,,,,,,,,PRUNED
5,0.19394002306828462,2026-09-25 15:32:49.600323,2026-09-25 15:37:35.071561,0 days 00:04:45.471238,0.6264205293593214,32,64,16x16x16,0.002442046084491142,,0.1718855145508828,23.65794836956522,0.7046102311300195,285.4,0.23499201205761538,20.253544931826383,0.5974853090617968,0.1749425425963557,23.520759914232336,0.6986004917517953,,,COMPLETE
6,0.26913837116697564,2026-09-25 15:37:35.241643,2026-09-25 15:38:32.684810,0 days 00:00:57.443167,0.5333200932803407,48,32,8x8x16,0.000633326877532184,,,,,,,,,,,,,,PRUNED
7,0.1919214878285277,2026-09-25 15:39:13.333474,2026-09-25 15:43:50.087284,0 days 00:04:36.753810,0.5538174106722358,32,32,16x16x16,0.00033845220412011414,,0.16658636603666388,23.988343280294668,0.7119544744491577,276.7,0.23024920681896419,20.234690873519234,0.6063952420068823,0.17892889062995496,23.40670975394871,0.6916107302126677,,,COMPLETE
8,0.30389600344326184,2026-09-25 15:43:50.245519,2026-09-25 15:44:33.911844,0 days 00:00:43.666325,0.7288568110241163,32,64,8x8x32,0.001131225105716033,,,,,,,,,,,,,,PRUNED
9,0.27047773515400675,2026-09-25 15:45:14.553696,2026-09-25 15:46:00.762070,0 days 00:00:46.208374,0.8616524346046015,48,64,16x16x16,0.0021907142272152816,,,,,,,,,,,,,,PRUNED
10,0.1957821122546127,2026-09-25 15:46:41.404262,2026-09-25 15:51:03.425394,0 days 00:04:22.021132,0.5634672639759324,32,32,16x16x16,0.0002824276700728496,,0.17034178113807802,23.8376348744268,0.7052344913068025,261.9,0.23401421097957573,20.153690338134766,0.5996623194735983,0.18299034464618436,23.277786835380223,0.6841348979784094,,"{""alpha"": 0.5634672639759324, ""base_channels"": 32, ""batch_size"": 32, ""bottleneck"": ""16x16x16"", ""lr"": 0.0002824276700728496}",COMPLETE
11,0.24087351884530936,2026-09-25 15:51:03.577456,2026-09-25 15:51:39.364849,0 days 00:00:35.787393,0.5512732733194399,16,64,16x16x16,0.000773648864176885,,,,,,,,,,,,,"{""alpha"": 0.5512732733194399, ""base_channels"": 16, ""batch_size"": 64, ""bottleneck"": ""16x16x16"", ""lr"": 0.000773648864176885}",PRUNED
12,0.1780252621333668,2026-09-25 15:52:20.020157,2026-09-25 15:56:49.949288,0 days 00:04:29.929131,0.5850792593794888,32,32,16x16x16,0.0012047775442488025,,0.15157114892550136,24.332325147545856,0.7418635617131772,269.8,0.21638833358883858,20.369723444399625,0.6337151631065037,0.16611630388576054,22.04335710276728,0.7290672219317892,,"{""alpha"": 0.5850792593794888, ""base_channels"": 32, ""batch_size"": 32, ""bottleneck"": ""16x16x16"", ""lr"": 0.0012047775442488025}",COMPLETE
13,0.21591860412255579,2026-09-25 15:56:50.106263,2026-09-25 15:57:30.774250,0 days 00:00:40.667987,0.681544304999799,16,32,16x16x16,0.0013331309740743688,,,,,,,,,,,,,"{""alpha"": 0.681544304999799, ""base_channels"": 16, ""batch_size"": 32, ""bottleneck"": ""16x16x16"", ""lr"": 0.0013331309740743688}",PRUNED
14,0.18027030406654743,2026-09-25 15:58:11.426115,2026-09-25 16:02:28.878293,0 days 00:04:17.452178,0.6239904511535795,32,32,16x16x16,0.0007809030682138974,,0.15591889636024184,24.5711205523947,0.7303601088731185,257.4,0.2203114248164322,20.511813039365023,0.6240070695462434,0.1645805910229683,23.93822421198306,0.717684489229451,,"{""alpha"": 0.6239904511535795, ""base_channels"": 32, ""batch_size"": 32, ""bottleneck"": ""16x16x16"", ""lr"": 0.0007809030682138974}",COMPLETE
15,0.17752409092002155,2026-09-25 16:02:29.031455,2026-09-25 16:06:52.017241,0 days 00:04:22.985786,0.6257209929944708,32,32,16x16x16,0.0010412886639406744,,0.1555235252270232,24.222395523734715,0.7345146018525829,262.9,0.2175495992212192,20.530153937961746,0.6291810792425404,0.15949914831182233,24.076600199160367,0.7270603231761766,,"{""alpha"": 0.6257209929944708, ""base_channels"": 32, ""batch_size"": 32, ""bottleneck"": ""16x16x16"", ""lr"": 0.0010412886639406744}",COMPLETE
16,0.17431027760756188,2026-09-25 16:06:52.175658,2026-09-25 16:11:17.443605,0 days 00:04:25.267947,0.5204940296771613,32,32,16x16x16,0.0020243011511883132,,0.1477846312134162,24.41329292629076,0.7489130341488383,265.2,0.21586558611496634,20.146781589673914,0.6374241787454357,0.15928061549430308,22.152236357979152,0.7422177065973696,,"{""alpha"": 0.5204940296771613, ""base_channels"": 32, ""batch_size"": 32, ""bottleneck"": ""16x16x16"", ""lr"": 0.0020243011511883132}",COMPLETE
17,0.2133091903575089,2026-09-25 16:11:17.618532,2026-09-25 16:12:09.358232,0 days 00:00:51.739700,0.5437674607102781,48,32,16x16x8,0.0016092158978743539,,,,,,,,,,,,,"{""alpha"": 0.5437674607102781, ""base_channels"": 48, ""batch_size"": 32, ""bottleneck"": ""16x16x8"", ""lr"": 0.0016092158978743539}",PRUNED
18,0.2783440973447717,2026-09-25 16:12:50.054804,2026-09-25 16:13:29.106626,0 days 00:00:39.051822,0.6258095735623859,32,32,8x8x32,0.0022189473964585745,,,,,,,,,,,,,"{""alpha"": 0.6258095735623859, ""base_channels"": 32, ""batch_size"": 32, ""bottleneck"": ""8x8x32"", ""lr"": 0.0022189473964585745}",PRUNED
19,0.2509221454029498,2026-09-25 16:14:09.762209,2026-09-25 16:14:54.153840,0 days 00:00:44.391631,0.5275329064461931,32,16,8x8x64,0.001073130820223005,,,,,,,,,,,,,"{""alpha"": 0.5275329064461931, ""base_channels"": 32, ""batch_size"": 16, ""bottleneck"": ""8x8x64"", ""lr"": 0.001073130820223005}",PRUNED
